{"/Users/bills/Downloads/express-jobly/app.js": {"path":"/Users/bills/Downloads/express-jobly/app.js","statementMap":{"0":{"start":{"line":5,"column":16},"end":{"line":5,"column":34}},"1":{"start":{"line":6,"column":13},"end":{"line":6,"column":28}},"2":{"start":{"line":8,"column":26},"end":{"line":8,"column":51}},"3":{"start":{"line":10,"column":28},"end":{"line":10,"column":56}},"4":{"start":{"line":11,"column":19},"end":{"line":11,"column":43}},"5":{"start":{"line":12,"column":24},"end":{"line":12,"column":53}},"6":{"start":{"line":13,"column":20},"end":{"line":13,"column":45}},"7":{"start":{"line":14,"column":19},"end":{"line":14,"column":43}},"8":{"start":{"line":16,"column":15},"end":{"line":16,"column":32}},"9":{"start":{"line":18,"column":12},"end":{"line":18,"column":21}},"10":{"start":{"line":20,"column":0},"end":{"line":20,"column":16}},"11":{"start":{"line":21,"column":0},"end":{"line":21,"column":24}},"12":{"start":{"line":22,"column":0},"end":{"line":22,"column":24}},"13":{"start":{"line":23,"column":0},"end":{"line":23,"column":25}},"14":{"start":{"line":25,"column":0},"end":{"line":25,"column":29}},"15":{"start":{"line":26,"column":0},"end":{"line":26,"column":39}},"16":{"start":{"line":27,"column":0},"end":{"line":27,"column":31}},"17":{"start":{"line":28,"column":0},"end":{"line":28,"column":29}},"18":{"start":{"line":32,"column":0},"end":{"line":34,"column":3}},"19":{"start":{"line":33,"column":2},"end":{"line":33,"column":28}},"20":{"start":{"line":37,"column":0},"end":{"line":45,"column":3}},"21":{"start":{"line":38,"column":2},"end":{"line":38,"column":64}},"22":{"start":{"line":38,"column":39},"end":{"line":38,"column":64}},"23":{"start":{"line":39,"column":17},"end":{"line":39,"column":34}},"24":{"start":{"line":40,"column":18},"end":{"line":40,"column":29}},"25":{"start":{"line":42,"column":2},"end":{"line":44,"column":5}},"26":{"start":{"line":47,"column":0},"end":{"line":47,"column":21}}},"fnMap":{"0":{"name":"(anonymous_0)","decl":{"start":{"line":32,"column":8},"end":{"line":32,"column":9}},"loc":{"start":{"line":32,"column":34},"end":{"line":34,"column":1}},"line":32},"1":{"name":"(anonymous_1)","decl":{"start":{"line":37,"column":8},"end":{"line":37,"column":9}},"loc":{"start":{"line":37,"column":39},"end":{"line":45,"column":1}},"line":37}},"branchMap":{"0":{"loc":{"start":{"line":38,"column":2},"end":{"line":38,"column":64}},"type":"if","locations":[{"start":{"line":38,"column":2},"end":{"line":38,"column":64}},{"start":{},"end":{}}],"line":38},"1":{"loc":{"start":{"line":39,"column":17},"end":{"line":39,"column":34}},"type":"binary-expr","locations":[{"start":{"line":39,"column":17},"end":{"line":39,"column":27}},{"start":{"line":39,"column":31},"end":{"line":39,"column":34}}],"line":39}},"s":{"0":5,"1":5,"2":5,"3":5,"4":5,"5":5,"6":5,"7":5,"8":5,"9":5,"10":5,"11":5,"12":5,"13":5,"14":5,"15":5,"16":5,"17":5,"18":5,"19":2,"20":5,"21":57,"22":1,"23":57,"24":57,"25":57,"26":5},"f":{"0":2,"1":57},"b":{"0":[1,56],"1":[57,2]},"_coverageSchema":"1a1c01bbd47fc00a2c39e90264f33305004495a9","hash":"2bdace1f5294042c6340435f409eecc58dab4130"}
,"/Users/bills/Downloads/express-jobly/config.js": {"path":"/Users/bills/Downloads/express-jobly/config.js","statementMap":{"0":{"start":{"line":5,"column":0},"end":{"line":5,"column":27}},"1":{"start":{"line":6,"column":0},"end":{"line":6,"column":18}},"2":{"start":{"line":8,"column":19},"end":{"line":8,"column":57}},"3":{"start":{"line":10,"column":13},"end":{"line":10,"column":38}},"4":{"start":{"line":14,"column":2},"end":{"line":16,"column":44}},"5":{"start":{"line":22,"column":27},"end":{"line":22,"column":67}},"6":{"start":{"line":24,"column":0},"end":{"line":24,"column":35}},"7":{"start":{"line":25,"column":0},"end":{"line":25,"column":46}},"8":{"start":{"line":26,"column":0},"end":{"line":26,"column":45}},"9":{"start":{"line":27,"column":0},"end":{"line":27,"column":61}},"10":{"start":{"line":28,"column":0},"end":{"line":28,"column":50}},"11":{"start":{"line":29,"column":0},"end":{"line":29,"column":19}},"12":{"start":{"line":31,"column":0},"end":{"line":36,"column":2}}},"fnMap":{"0":{"name":"getDatabaseUri","decl":{"start":{"line":13,"column":9},"end":{"line":13,"column":23}},"loc":{"start":{"line":13,"column":26},"end":{"line":17,"column":1}},"line":13}},"branchMap":{"0":{"loc":{"start":{"line":8,"column":19},"end":{"line":8,"column":57}},"type":"binary-expr","locations":[{"start":{"line":8,"column":19},"end":{"line":8,"column":41}},{"start":{"line":8,"column":45},"end":{"line":8,"column":57}}],"line":8},"1":{"loc":{"start":{"line":10,"column":13},"end":{"line":10,"column":38}},"type":"binary-expr","locations":[{"start":{"line":10,"column":13},"end":{"line":10,"column":30}},{"start":{"line":10,"column":34},"end":{"line":10,"column":38}}],"line":10},"2":{"loc":{"start":{"line":14,"column":9},"end":{"line":16,"column":43}},"type":"cond-expr","locations":[{"start":{"line":15,"column":8},"end":{"line":15,"column":20}},{"start":{"line":16,"column":8},"end":{"line":16,"column":43}}],"line":14},"3":{"loc":{"start":{"line":16,"column":8},"end":{"line":16,"column":43}},"type":"binary-expr","locations":[{"start":{"line":16,"column":8},"end":{"line":16,"column":32}},{"start":{"line":16,"column":36},"end":{"line":16,"column":43}}],"line":16},"4":{"loc":{"start":{"line":22,"column":27},"end":{"line":22,"column":67}},"type":"cond-expr","locations":[{"start":{"line":22,"column":61},"end":{"line":22,"column":62}},{"start":{"line":22,"column":65},"end":{"line":22,"column":67}}],"line":22}},"s":{"0":11,"1":11,"2":11,"3":11,"4":22,"5":11,"6":11,"7":11,"8":11,"9":11,"10":11,"11":11,"12":11},"f":{"0":22},"b":{"0":[11,10],"1":[11,10],"2":[19,3],"3":[3,1],"4":[10,1]},"_coverageSchema":"1a1c01bbd47fc00a2c39e90264f33305004495a9","hash":"de51466f5ce0c6bb51fb7acb9d4d6c1d1e02117e"}
,"/Users/bills/Downloads/express-jobly/db.js": {"path":"/Users/bills/Downloads/express-jobly/db.js","statementMap":{"0":{"start":{"line":5,"column":19},"end":{"line":5,"column":32}},"1":{"start":{"line":6,"column":12},"end":{"line":6,"column":31}},"2":{"start":{"line":7,"column":0},"end":{"line":9,"column":2}},"3":{"start":{"line":8,"column":2},"end":{"line":8,"column":24}},"4":{"start":{"line":10,"column":27},"end":{"line":10,"column":46}},"5":{"start":{"line":12,"column":11},"end":{"line":14,"column":2}},"6":{"start":{"line":16,"column":0},"end":{"line":16,"column":13}},"7":{"start":{"line":18,"column":0},"end":{"line":18,"column":20}}},"fnMap":{"0":{"name":"(anonymous_0)","decl":{"start":{"line":7,"column":26},"end":{"line":7,"column":27}},"loc":{"start":{"line":7,"column":40},"end":{"line":9,"column":1}},"line":7}},"branchMap":{},"s":{"0":8,"1":8,"2":8,"3":27,"4":8,"5":8,"6":8,"7":8},"f":{"0":27},"b":{},"_coverageSchema":"1a1c01bbd47fc00a2c39e90264f33305004495a9","hash":"f5997e57dbbf50d7456b800732fa7e15145b35ab"}
,"/Users/bills/Downloads/express-jobly/expressError.js": {"path":"/Users/bills/Downloads/express-jobly/expressError.js","statementMap":{"0":{"start":{"line":9,"column":4},"end":{"line":9,"column":12}},"1":{"start":{"line":10,"column":4},"end":{"line":10,"column":27}},"2":{"start":{"line":11,"column":4},"end":{"line":11,"column":25}},"3":{"start":{"line":19,"column":4},"end":{"line":19,"column":24}},"4":{"start":{"line":27,"column":4},"end":{"line":27,"column":24}},"5":{"start":{"line":35,"column":4},"end":{"line":35,"column":24}},"6":{"start":{"line":43,"column":4},"end":{"line":43,"column":24}},"7":{"start":{"line":47,"column":0},"end":{"line":53,"column":2}}},"fnMap":{"0":{"name":"(anonymous_0)","decl":{"start":{"line":8,"column":2},"end":{"line":8,"column":3}},"loc":{"start":{"line":8,"column":31},"end":{"line":12,"column":3}},"line":8},"1":{"name":"(anonymous_1)","decl":{"start":{"line":18,"column":2},"end":{"line":18,"column":3}},"loc":{"start":{"line":18,"column":37},"end":{"line":20,"column":3}},"line":18},"2":{"name":"(anonymous_2)","decl":{"start":{"line":26,"column":2},"end":{"line":26,"column":3}},"loc":{"start":{"line":26,"column":40},"end":{"line":28,"column":3}},"line":26},"3":{"name":"(anonymous_3)","decl":{"start":{"line":34,"column":2},"end":{"line":34,"column":3}},"loc":{"start":{"line":34,"column":39},"end":{"line":36,"column":3}},"line":34},"4":{"name":"(anonymous_4)","decl":{"start":{"line":42,"column":2},"end":{"line":42,"column":3}},"loc":{"start":{"line":42,"column":39},"end":{"line":44,"column":3}},"line":42}},"branchMap":{"0":{"loc":{"start":{"line":18,"column":14},"end":{"line":18,"column":35}},"type":"default-arg","locations":[{"start":{"line":18,"column":24},"end":{"line":18,"column":35}}],"line":18},"1":{"loc":{"start":{"line":26,"column":14},"end":{"line":26,"column":38}},"type":"default-arg","locations":[{"start":{"line":26,"column":24},"end":{"line":26,"column":38}}],"line":26},"2":{"loc":{"start":{"line":34,"column":14},"end":{"line":34,"column":37}},"type":"default-arg","locations":[{"start":{"line":34,"column":24},"end":{"line":34,"column":37}}],"line":34},"3":{"loc":{"start":{"line":42,"column":14},"end":{"line":42,"column":37}},"type":"default-arg","locations":[{"start":{"line":42,"column":24},"end":{"line":42,"column":37}}],"line":42}},"s":{"0":74,"1":74,"2":74,"3":20,"4":25,"5":29,"6":0,"7":10},"f":{"0":74,"1":20,"2":25,"3":29,"4":0},"b":{"0":[2],"1":[21],"2":[0],"3":[0]},"_coverageSchema":"1a1c01bbd47fc00a2c39e90264f33305004495a9","hash":"9885b14f243c30dbce0327eddc4d62c5213faf18"}
,"/Users/bills/Downloads/express-jobly/helpers/sql.js": {"path":"/Users/bills/Downloads/express-jobly/helpers/sql.js","statementMap":{"0":{"start":{"line":1,"column":28},"end":{"line":1,"column":54}},"1":{"start":{"line":10,"column":15},"end":{"line":10,"column":40}},"2":{"start":{"line":11,"column":2},"end":{"line":11,"column":62}},"3":{"start":{"line":11,"column":25},"end":{"line":11,"column":62}},"4":{"start":{"line":14,"column":15},"end":{"line":16,"column":3}},"5":{"start":{"line":15,"column":6},"end":{"line":15,"column":52}},"6":{"start":{"line":18,"column":2},"end":{"line":21,"column":4}},"7":{"start":{"line":24,"column":0},"end":{"line":24,"column":41}}},"fnMap":{"0":{"name":"sqlForPartialUpdate","decl":{"start":{"line":9,"column":9},"end":{"line":9,"column":28}},"loc":{"start":{"line":9,"column":52},"end":{"line":22,"column":1}},"line":9},"1":{"name":"(anonymous_1)","decl":{"start":{"line":14,"column":24},"end":{"line":14,"column":25}},"loc":{"start":{"line":15,"column":6},"end":{"line":15,"column":52}},"line":15}},"branchMap":{"0":{"loc":{"start":{"line":11,"column":2},"end":{"line":11,"column":62}},"type":"if","locations":[{"start":{"line":11,"column":2},"end":{"line":11,"column":62}},{"start":{},"end":{}}],"line":11},"1":{"loc":{"start":{"line":15,"column":10},"end":{"line":15,"column":37}},"type":"binary-expr","locations":[{"start":{"line":15,"column":10},"end":{"line":15,"column":26}},{"start":{"line":15,"column":30},"end":{"line":15,"column":37}}],"line":15}},"s":{"0":9,"1":22,"2":22,"3":4,"4":18,"5":37,"6":18,"7":9},"f":{"0":22,"1":37},"b":{"0":[4,18],"1":[37,23]},"_coverageSchema":"1a1c01bbd47fc00a2c39e90264f33305004495a9","hash":"47fb4a26d0b226c4baa6c014cb504bbfea30fff5"}
,"/Users/bills/Downloads/express-jobly/helpers/tokens.js": {"path":"/Users/bills/Downloads/express-jobly/helpers/tokens.js","statementMap":{"0":{"start":{"line":1,"column":12},"end":{"line":1,"column":35}},"1":{"start":{"line":2,"column":23},"end":{"line":2,"column":43}},"2":{"start":{"line":7,"column":2},"end":{"line":8,"column":58}},"3":{"start":{"line":10,"column":16},"end":{"line":13,"column":3}},"4":{"start":{"line":15,"column":2},"end":{"line":15,"column":39}},"5":{"start":{"line":18,"column":0},"end":{"line":18,"column":33}}},"fnMap":{"0":{"name":"createToken","decl":{"start":{"line":6,"column":9},"end":{"line":6,"column":20}},"loc":{"start":{"line":6,"column":27},"end":{"line":16,"column":1}},"line":6}},"branchMap":{"0":{"loc":{"start":{"line":12,"column":13},"end":{"line":12,"column":34}},"type":"binary-expr","locations":[{"start":{"line":12,"column":13},"end":{"line":12,"column":25}},{"start":{"line":12,"column":29},"end":{"line":12,"column":34}}],"line":12}},"s":{"0":6,"1":6,"2":15,"3":15,"4":15,"5":6},"f":{"0":15},"b":{"0":[15,9]},"_coverageSchema":"1a1c01bbd47fc00a2c39e90264f33305004495a9","hash":"3d6e4eaee829ee37f4efeb20221ae5b509b755bf"}
,"/Users/bills/Downloads/express-jobly/middleware/auth.js": {"path":"/Users/bills/Downloads/express-jobly/middleware/auth.js","statementMap":{"0":{"start":{"line":5,"column":12},"end":{"line":5,"column":35}},"1":{"start":{"line":6,"column":23},"end":{"line":6,"column":43}},"2":{"start":{"line":7,"column":30},"end":{"line":7,"column":56}},"3":{"start":{"line":19,"column":2},"end":{"line":28,"column":3}},"4":{"start":{"line":20,"column":23},"end":{"line":20,"column":63}},"5":{"start":{"line":21,"column":4},"end":{"line":24,"column":5}},"6":{"start":{"line":22,"column":20},"end":{"line":22,"column":64}},"7":{"start":{"line":23,"column":6},"end":{"line":23,"column":54}},"8":{"start":{"line":25,"column":4},"end":{"line":25,"column":18}},"9":{"start":{"line":27,"column":4},"end":{"line":27,"column":18}},"10":{"start":{"line":37,"column":2},"end":{"line":43,"column":3}},"11":{"start":{"line":38,"column":4},"end":{"line":38,"column":13}},"12":{"start":{"line":39,"column":4},"end":{"line":39,"column":56}},"13":{"start":{"line":39,"column":26},"end":{"line":39,"column":56}},"14":{"start":{"line":40,"column":4},"end":{"line":40,"column":18}},"15":{"start":{"line":42,"column":4},"end":{"line":42,"column":21}},"16":{"start":{"line":53,"column":2},"end":{"line":58,"column":3}},"17":{"start":{"line":54,"column":4},"end":{"line":54,"column":84}},"18":{"start":{"line":54,"column":54},"end":{"line":54,"column":84}},"19":{"start":{"line":55,"column":4},"end":{"line":55,"column":18}},"20":{"start":{"line":57,"column":4},"end":{"line":57,"column":21}},"21":{"start":{"line":63,"column":2},"end":{"line":72,"column":3}},"22":{"start":{"line":64,"column":17},"end":{"line":64,"column":32}},"23":{"start":{"line":65,"column":4},"end":{"line":67,"column":5}},"24":{"start":{"line":66,"column":6},"end":{"line":66,"column":36}},"25":{"start":{"line":69,"column":4},"end":{"line":69,"column":18}},"26":{"start":{"line":71,"column":4},"end":{"line":71,"column":21}},"27":{"start":{"line":76,"column":0},"end":{"line":81,"column":2}}},"fnMap":{"0":{"name":"authenticateJWT","decl":{"start":{"line":18,"column":9},"end":{"line":18,"column":24}},"loc":{"start":{"line":18,"column":41},"end":{"line":29,"column":1}},"line":18},"1":{"name":"ensureLoggedIn","decl":{"start":{"line":36,"column":9},"end":{"line":36,"column":23}},"loc":{"start":{"line":36,"column":40},"end":{"line":44,"column":1}},"line":36},"2":{"name":"ensureAdmin","decl":{"start":{"line":52,"column":9},"end":{"line":52,"column":20}},"loc":{"start":{"line":52,"column":37},"end":{"line":59,"column":1}},"line":52},"3":{"name":"ensureCorrectUserOrAdmin","decl":{"start":{"line":62,"column":9},"end":{"line":62,"column":33}},"loc":{"start":{"line":62,"column":49},"end":{"line":74,"column":1}},"line":62}},"branchMap":{"0":{"loc":{"start":{"line":20,"column":23},"end":{"line":20,"column":63}},"type":"binary-expr","locations":[{"start":{"line":20,"column":23},"end":{"line":20,"column":34}},{"start":{"line":20,"column":38},"end":{"line":20,"column":63}}],"line":20},"1":{"loc":{"start":{"line":21,"column":4},"end":{"line":24,"column":5}},"type":"if","locations":[{"start":{"line":21,"column":4},"end":{"line":24,"column":5}},{"start":{},"end":{}}],"line":21},"2":{"loc":{"start":{"line":39,"column":4},"end":{"line":39,"column":56}},"type":"if","locations":[{"start":{"line":39,"column":4},"end":{"line":39,"column":56}},{"start":{},"end":{}}],"line":39},"3":{"loc":{"start":{"line":54,"column":4},"end":{"line":54,"column":84}},"type":"if","locations":[{"start":{"line":54,"column":4},"end":{"line":54,"column":84}},{"start":{},"end":{}}],"line":54},"4":{"loc":{"start":{"line":54,"column":8},"end":{"line":54,"column":52}},"type":"binary-expr","locations":[{"start":{"line":54,"column":8},"end":{"line":54,"column":24}},{"start":{"line":54,"column":28},"end":{"line":54,"column":52}}],"line":54},"5":{"loc":{"start":{"line":65,"column":4},"end":{"line":67,"column":5}},"type":"if","locations":[{"start":{"line":65,"column":4},"end":{"line":67,"column":5}},{"start":{},"end":{}}],"line":65},"6":{"loc":{"start":{"line":65,"column":10},"end":{"line":65,"column":73}},"type":"binary-expr","locations":[{"start":{"line":65,"column":10},"end":{"line":65,"column":14}},{"start":{"line":65,"column":19},"end":{"line":65,"column":31}},{"start":{"line":65,"column":35},"end":{"line":65,"column":72}}],"line":65}},"s":{"0":6,"1":6,"2":6,"3":87,"4":87,"5":87,"6":49,"7":49,"8":86,"9":1,"10":2,"11":2,"12":2,"13":1,"14":1,"15":1,"16":38,"17":38,"18":15,"19":23,"20":15,"21":16,"22":16,"23":16,"24":5,"25":11,"26":5,"27":6},"f":{"0":87,"1":2,"2":38,"3":16},"b":{"0":[87,86],"1":[49,38],"2":[1,1],"3":[15,23],"4":[38,32],"5":[5,11],"6":[16,13,7]},"_coverageSchema":"1a1c01bbd47fc00a2c39e90264f33305004495a9","hash":"0c6bb0da375763f61409e9dcef4c3c51a16f0030"}
,"/Users/bills/Downloads/express-jobly/models/_testCommon.js": {"path":"/Users/bills/Downloads/express-jobly/models/_testCommon.js","statementMap":{"0":{"start":{"line":3,"column":15},"end":{"line":3,"column":32}},"1":{"start":{"line":5,"column":11},"end":{"line":5,"column":30}},"2":{"start":{"line":6,"column":31},"end":{"line":6,"column":51}},"3":{"start":{"line":8,"column":13},"end":{"line":8,"column":15}},"4":{"start":{"line":12,"column":2},"end":{"line":12,"column":37}},"5":{"start":{"line":14,"column":2},"end":{"line":14,"column":42}},"6":{"start":{"line":16,"column":2},"end":{"line":16,"column":38}},"7":{"start":{"line":18,"column":2},"end":{"line":22,"column":55}},"8":{"start":{"line":24,"column":2},"end":{"line":28,"column":35}},"9":{"start":{"line":31,"column":2},"end":{"line":43,"column":9}},"10":{"start":{"line":45,"column":14},"end":{"line":45,"column":68}},"11":{"start":{"line":46,"column":2},"end":{"line":46,"column":30}},"12":{"start":{"line":53,"column":2},"end":{"line":53,"column":26}},"13":{"start":{"line":57,"column":2},"end":{"line":57,"column":29}},"14":{"start":{"line":61,"column":2},"end":{"line":61,"column":17}},"15":{"start":{"line":66,"column":0},"end":{"line":72,"column":2}}},"fnMap":{"0":{"name":"commonBeforeAll","decl":{"start":{"line":10,"column":15},"end":{"line":10,"column":30}},"loc":{"start":{"line":10,"column":33},"end":{"line":47,"column":1}},"line":10},"1":{"name":"commonBeforeEach","decl":{"start":{"line":52,"column":15},"end":{"line":52,"column":31}},"loc":{"start":{"line":52,"column":34},"end":{"line":54,"column":1}},"line":52},"2":{"name":"commonAfterEach","decl":{"start":{"line":56,"column":15},"end":{"line":56,"column":30}},"loc":{"start":{"line":56,"column":33},"end":{"line":58,"column":1}},"line":56},"3":{"name":"commonAfterAll","decl":{"start":{"line":60,"column":15},"end":{"line":60,"column":29}},"loc":{"start":{"line":60,"column":32},"end":{"line":62,"column":1}},"line":60}},"branchMap":{},"s":{"0":3,"1":3,"2":3,"3":3,"4":3,"5":3,"6":3,"7":3,"8":3,"9":3,"10":3,"11":3,"12":46,"13":46,"14":3,"15":3},"f":{"0":3,"1":46,"2":46,"3":3},"b":{},"_coverageSchema":"1a1c01bbd47fc00a2c39e90264f33305004495a9","hash":"7424a691172960d46659d40863538bc9418bd156"}
,"/Users/bills/Downloads/express-jobly/models/company.js": {"path":"/Users/bills/Downloads/express-jobly/models/company.js","statementMap":{"0":{"start":{"line":3,"column":11},"end":{"line":3,"column":27}},"1":{"start":{"line":4,"column":43},"end":{"line":4,"column":69}},"2":{"start":{"line":5,"column":32},"end":{"line":5,"column":57}},"3":{"start":{"line":20,"column":27},"end":{"line":24,"column":15}},"4":{"start":{"line":26,"column":4},"end":{"line":27,"column":64}},"5":{"start":{"line":27,"column":6},"end":{"line":27,"column":64}},"6":{"start":{"line":29,"column":19},"end":{"line":46,"column":5}},"7":{"start":{"line":47,"column":20},"end":{"line":47,"column":34}},"8":{"start":{"line":49,"column":4},"end":{"line":49,"column":19}},"9":{"start":{"line":65,"column":49},"end":{"line":65,"column":61}},"10":{"start":{"line":67,"column":16},"end":{"line":67,"column":24}},"11":{"start":{"line":68,"column":14},"end":{"line":68,"column":15}},"12":{"start":{"line":70,"column":4},"end":{"line":72,"column":5}},"13":{"start":{"line":71,"column":6},"end":{"line":71,"column":17}},"14":{"start":{"line":74,"column":4},"end":{"line":77,"column":5}},"15":{"start":{"line":75,"column":6},"end":{"line":75,"column":36}},"16":{"start":{"line":76,"column":6},"end":{"line":76,"column":12}},"17":{"start":{"line":78,"column":4},"end":{"line":84,"column":5}},"18":{"start":{"line":79,"column":6},"end":{"line":81,"column":7}},"19":{"start":{"line":80,"column":8},"end":{"line":80,"column":25}},"20":{"start":{"line":82,"column":6},"end":{"line":82,"column":42}},"21":{"start":{"line":83,"column":6},"end":{"line":83,"column":12}},"22":{"start":{"line":85,"column":4},"end":{"line":90,"column":5}},"23":{"start":{"line":86,"column":6},"end":{"line":88,"column":7}},"24":{"start":{"line":87,"column":8},"end":{"line":87,"column":25}},"25":{"start":{"line":89,"column":6},"end":{"line":89,"column":42}},"26":{"start":{"line":92,"column":4},"end":{"line":94,"column":5}},"27":{"start":{"line":93,"column":6},"end":{"line":93,"column":61}},"28":{"start":{"line":96,"column":4},"end":{"line":99,"column":6}},"29":{"start":{"line":108,"column":30},"end":{"line":108,"column":56}},"30":{"start":{"line":110,"column":25},"end":{"line":118,"column":34}},"31":{"start":{"line":119,"column":4},"end":{"line":119,"column":29}},"32":{"start":{"line":131,"column":23},"end":{"line":139,"column":15}},"33":{"start":{"line":141,"column":20},"end":{"line":141,"column":38}},"34":{"start":{"line":143,"column":4},"end":{"line":143,"column":67}},"35":{"start":{"line":143,"column":18},"end":{"line":143,"column":67}},"36":{"start":{"line":145,"column":4},"end":{"line":145,"column":19}},"37":{"start":{"line":161,"column":32},"end":{"line":166,"column":8}},"38":{"start":{"line":167,"column":25},"end":{"line":167,"column":50}},"39":{"start":{"line":169,"column":21},"end":{"line":173,"column":100}},"40":{"start":{"line":174,"column":19},"end":{"line":174,"column":64}},"41":{"start":{"line":175,"column":20},"end":{"line":175,"column":34}},"42":{"start":{"line":177,"column":4},"end":{"line":177,"column":67}},"43":{"start":{"line":177,"column":18},"end":{"line":177,"column":67}},"44":{"start":{"line":179,"column":4},"end":{"line":179,"column":19}},"45":{"start":{"line":188,"column":19},"end":{"line":193,"column":15}},"46":{"start":{"line":194,"column":20},"end":{"line":194,"column":34}},"47":{"start":{"line":196,"column":4},"end":{"line":196,"column":67}},"48":{"start":{"line":196,"column":18},"end":{"line":196,"column":67}},"49":{"start":{"line":201,"column":0},"end":{"line":201,"column":25}}},"fnMap":{"0":{"name":"(anonymous_0)","decl":{"start":{"line":19,"column":2},"end":{"line":19,"column":3}},"loc":{"start":{"line":19,"column":76},"end":{"line":50,"column":3}},"line":19},"1":{"name":"(anonymous_1)","decl":{"start":{"line":60,"column":2},"end":{"line":60,"column":3}},"loc":{"start":{"line":60,"column":39},"end":{"line":100,"column":3}},"line":60},"2":{"name":"(anonymous_2)","decl":{"start":{"line":106,"column":2},"end":{"line":106,"column":3}},"loc":{"start":{"line":106,"column":29},"end":{"line":120,"column":3}},"line":106},"3":{"name":"(anonymous_3)","decl":{"start":{"line":130,"column":2},"end":{"line":130,"column":3}},"loc":{"start":{"line":130,"column":27},"end":{"line":146,"column":3}},"line":130},"4":{"name":"(anonymous_4)","decl":{"start":{"line":160,"column":2},"end":{"line":160,"column":3}},"loc":{"start":{"line":160,"column":36},"end":{"line":180,"column":3}},"line":160},"5":{"name":"(anonymous_5)","decl":{"start":{"line":187,"column":2},"end":{"line":187,"column":3}},"loc":{"start":{"line":187,"column":30},"end":{"line":197,"column":3}},"line":187}},"branchMap":{"0":{"loc":{"start":{"line":26,"column":4},"end":{"line":27,"column":64}},"type":"if","locations":[{"start":{"line":26,"column":4},"end":{"line":27,"column":64}},{"start":{},"end":{}}],"line":26},"1":{"loc":{"start":{"line":70,"column":4},"end":{"line":72,"column":5}},"type":"if","locations":[{"start":{"line":70,"column":4},"end":{"line":72,"column":5}},{"start":{},"end":{}}],"line":70},"2":{"loc":{"start":{"line":70,"column":7},"end":{"line":70,"column":46}},"type":"binary-expr","locations":[{"start":{"line":70,"column":7},"end":{"line":70,"column":12}},{"start":{"line":70,"column":16},"end":{"line":70,"column":29}},{"start":{"line":70,"column":33},"end":{"line":70,"column":46}}],"line":70},"3":{"loc":{"start":{"line":74,"column":4},"end":{"line":77,"column":5}},"type":"if","locations":[{"start":{"line":74,"column":4},"end":{"line":77,"column":5}},{"start":{},"end":{}}],"line":74},"4":{"loc":{"start":{"line":78,"column":4},"end":{"line":84,"column":5}},"type":"if","locations":[{"start":{"line":78,"column":4},"end":{"line":84,"column":5}},{"start":{},"end":{}}],"line":78},"5":{"loc":{"start":{"line":79,"column":6},"end":{"line":81,"column":7}},"type":"if","locations":[{"start":{"line":79,"column":6},"end":{"line":81,"column":7}},{"start":{},"end":{}}],"line":79},"6":{"loc":{"start":{"line":85,"column":4},"end":{"line":90,"column":5}},"type":"if","locations":[{"start":{"line":85,"column":4},"end":{"line":90,"column":5}},{"start":{},"end":{}}],"line":85},"7":{"loc":{"start":{"line":86,"column":6},"end":{"line":88,"column":7}},"type":"if","locations":[{"start":{"line":86,"column":6},"end":{"line":88,"column":7}},{"start":{},"end":{}}],"line":86},"8":{"loc":{"start":{"line":92,"column":4},"end":{"line":94,"column":5}},"type":"if","locations":[{"start":{"line":92,"column":4},"end":{"line":94,"column":5}},{"start":{},"end":{}}],"line":92},"9":{"loc":{"start":{"line":143,"column":4},"end":{"line":143,"column":67}},"type":"if","locations":[{"start":{"line":143,"column":4},"end":{"line":143,"column":67}},{"start":{},"end":{}}],"line":143},"10":{"loc":{"start":{"line":177,"column":4},"end":{"line":177,"column":67}},"type":"if","locations":[{"start":{"line":177,"column":4},"end":{"line":177,"column":67}},{"start":{},"end":{}}],"line":177},"11":{"loc":{"start":{"line":196,"column":4},"end":{"line":196,"column":67}},"type":"if","locations":[{"start":{"line":196,"column":4},"end":{"line":196,"column":67}},{"start":{},"end":{}}],"line":196}},"s":{"0":6,"1":6,"2":6,"3":16,"4":16,"5":1,"6":15,"7":15,"8":15,"9":9,"10":9,"11":9,"12":9,"13":4,"14":9,"15":5,"16":5,"17":9,"18":3,"19":3,"20":3,"21":3,"22":9,"23":1,"24":1,"25":1,"26":9,"27":5,"28":9,"29":7,"30":7,"31":6,"32":5,"33":5,"34":5,"35":2,"36":3,"37":6,"38":5,"39":5,"40":5,"41":5,"42":5,"43":2,"44":3,"45":4,"46":4,"47":4,"48":2,"49":6},"f":{"0":16,"1":9,"2":7,"3":5,"4":6,"5":4},"b":{"0":[1,15],"1":[4,5],"2":[9,4,4],"3":[5,4],"4":[3,6],"5":[3,0],"6":[1,8],"7":[1,0],"8":[5,4],"9":[2,3],"10":[2,3],"11":[2,2]},"_coverageSchema":"1a1c01bbd47fc00a2c39e90264f33305004495a9","hash":"70db122e8ac529b22bfd9cbcb71e42c961e18c98"}
,"/Users/bills/Downloads/express-jobly/models/job.js": {"path":"/Users/bills/Downloads/express-jobly/models/job.js","statementMap":{"0":{"start":{"line":3,"column":11},"end":{"line":3,"column":27}},"1":{"start":{"line":4,"column":43},"end":{"line":4,"column":69}},"2":{"start":{"line":5,"column":32},"end":{"line":5,"column":57}},"3":{"start":{"line":19,"column":27},"end":{"line":23,"column":45}},"4":{"start":{"line":25,"column":4},"end":{"line":26,"column":79}},"5":{"start":{"line":26,"column":6},"end":{"line":26,"column":79}},"6":{"start":{"line":28,"column":19},"end":{"line":43,"column":5}},"7":{"start":{"line":44,"column":16},"end":{"line":44,"column":30}},"8":{"start":{"line":46,"column":4},"end":{"line":46,"column":15}},"9":{"start":{"line":59,"column":44},"end":{"line":59,"column":56}},"10":{"start":{"line":61,"column":16},"end":{"line":61,"column":18}},"11":{"start":{"line":63,"column":4},"end":{"line":66,"column":5}},"12":{"start":{"line":64,"column":6},"end":{"line":64,"column":53}},"13":{"start":{"line":65,"column":6},"end":{"line":65,"column":63}},"14":{"start":{"line":68,"column":4},"end":{"line":68,"column":63}},"15":{"start":{"line":68,"column":18},"end":{"line":68,"column":63}},"16":{"start":{"line":70,"column":17},"end":{"line":70,"column":44}},"17":{"start":{"line":72,"column":4},"end":{"line":75,"column":5}},"18":{"start":{"line":73,"column":6},"end":{"line":73,"column":31}},"19":{"start":{"line":74,"column":6},"end":{"line":74,"column":19}},"20":{"start":{"line":77,"column":4},"end":{"line":77,"column":73}},"21":{"start":{"line":79,"column":4},"end":{"line":82,"column":6}},"22":{"start":{"line":92,"column":30},"end":{"line":92,"column":57}},"23":{"start":{"line":94,"column":19},"end":{"line":101,"column":44}},"24":{"start":{"line":102,"column":4},"end":{"line":102,"column":23}},"25":{"start":{"line":114,"column":19},"end":{"line":121,"column":11}},"26":{"start":{"line":123,"column":16},"end":{"line":123,"column":30}},"27":{"start":{"line":125,"column":4},"end":{"line":125,"column":55}},"28":{"start":{"line":125,"column":14},"end":{"line":125,"column":55}},"29":{"start":{"line":127,"column":4},"end":{"line":127,"column":15}},"30":{"start":{"line":143,"column":32},"end":{"line":146,"column":8}},"31":{"start":{"line":147,"column":21},"end":{"line":147,"column":46}},"32":{"start":{"line":149,"column":21},"end":{"line":153,"column":75}},"33":{"start":{"line":154,"column":19},"end":{"line":154,"column":60}},"34":{"start":{"line":155,"column":16},"end":{"line":155,"column":30}},"35":{"start":{"line":157,"column":4},"end":{"line":157,"column":55}},"36":{"start":{"line":157,"column":14},"end":{"line":157,"column":55}},"37":{"start":{"line":159,"column":4},"end":{"line":159,"column":15}},"38":{"start":{"line":168,"column":19},"end":{"line":173,"column":11}},"39":{"start":{"line":174,"column":16},"end":{"line":174,"column":30}},"40":{"start":{"line":176,"column":4},"end":{"line":176,"column":55}},"41":{"start":{"line":176,"column":14},"end":{"line":176,"column":55}},"42":{"start":{"line":181,"column":0},"end":{"line":181,"column":21}}},"fnMap":{"0":{"name":"(anonymous_0)","decl":{"start":{"line":18,"column":2},"end":{"line":18,"column":3}},"loc":{"start":{"line":18,"column":64},"end":{"line":47,"column":3}},"line":18},"1":{"name":"(anonymous_1)","decl":{"start":{"line":57,"column":2},"end":{"line":57,"column":3}},"loc":{"start":{"line":57,"column":40},"end":{"line":83,"column":3}},"line":57},"2":{"name":"(anonymous_2)","decl":{"start":{"line":90,"column":2},"end":{"line":90,"column":3}},"loc":{"start":{"line":90,"column":29},"end":{"line":103,"column":3}},"line":90},"3":{"name":"(anonymous_3)","decl":{"start":{"line":113,"column":2},"end":{"line":113,"column":3}},"loc":{"start":{"line":113,"column":23},"end":{"line":128,"column":3}},"line":113},"4":{"name":"(anonymous_4)","decl":{"start":{"line":142,"column":2},"end":{"line":142,"column":3}},"loc":{"start":{"line":142,"column":32},"end":{"line":160,"column":3}},"line":142},"5":{"name":"(anonymous_5)","decl":{"start":{"line":167,"column":2},"end":{"line":167,"column":3}},"loc":{"start":{"line":167,"column":26},"end":{"line":177,"column":3}},"line":167}},"branchMap":{"0":{"loc":{"start":{"line":25,"column":4},"end":{"line":26,"column":79}},"type":"if","locations":[{"start":{"line":25,"column":4},"end":{"line":26,"column":79}},{"start":{},"end":{}}],"line":25},"1":{"loc":{"start":{"line":63,"column":4},"end":{"line":66,"column":5}},"type":"if","locations":[{"start":{"line":63,"column":4},"end":{"line":66,"column":5}},{"start":{},"end":{}}],"line":63},"2":{"loc":{"start":{"line":68,"column":4},"end":{"line":68,"column":63}},"type":"if","locations":[{"start":{"line":68,"column":4},"end":{"line":68,"column":63}},{"start":{},"end":{}}],"line":68},"3":{"loc":{"start":{"line":72,"column":4},"end":{"line":75,"column":5}},"type":"if","locations":[{"start":{"line":72,"column":4},"end":{"line":75,"column":5}},{"start":{},"end":{}}],"line":72},"4":{"loc":{"start":{"line":77,"column":12},"end":{"line":77,"column":72}},"type":"cond-expr","locations":[{"start":{"line":77,"column":31},"end":{"line":77,"column":67}},{"start":{"line":77,"column":70},"end":{"line":77,"column":72}}],"line":77},"5":{"loc":{"start":{"line":125,"column":4},"end":{"line":125,"column":55}},"type":"if","locations":[{"start":{"line":125,"column":4},"end":{"line":125,"column":55}},{"start":{},"end":{}}],"line":125},"6":{"loc":{"start":{"line":157,"column":4},"end":{"line":157,"column":55}},"type":"if","locations":[{"start":{"line":157,"column":4},"end":{"line":157,"column":55}},{"start":{},"end":{}}],"line":157},"7":{"loc":{"start":{"line":176,"column":4},"end":{"line":176,"column":55}},"type":"if","locations":[{"start":{"line":176,"column":4},"end":{"line":176,"column":55}},{"start":{},"end":{}}],"line":176}},"s":{"0":6,"1":6,"2":6,"3":16,"4":16,"5":1,"6":15,"7":15,"8":15,"9":10,"10":10,"11":10,"12":5,"13":5,"14":10,"15":2,"16":10,"17":10,"18":3,"19":3,"20":10,"21":10,"22":8,"23":8,"24":7,"25":4,"26":4,"27":4,"28":2,"29":2,"30":6,"31":5,"32":5,"33":5,"34":5,"35":5,"36":2,"37":3,"38":4,"39":4,"40":4,"41":2,"42":6},"f":{"0":16,"1":10,"2":8,"3":4,"4":6,"5":4},"b":{"0":[1,15],"1":[5,5],"2":[2,8],"3":[3,7],"4":[6,4],"5":[2,2],"6":[2,3],"7":[2,2]},"_coverageSchema":"1a1c01bbd47fc00a2c39e90264f33305004495a9","hash":"5c3b2c5d7b554d85c7816f615fe72b53e1ab5160"}
,"/Users/bills/Downloads/express-jobly/models/user.js": {"path":"/Users/bills/Downloads/express-jobly/models/user.js","statementMap":{"0":{"start":{"line":3,"column":11},"end":{"line":3,"column":27}},"1":{"start":{"line":4,"column":15},"end":{"line":4,"column":32}},"2":{"start":{"line":5,"column":32},"end":{"line":5,"column":57}},"3":{"start":{"line":10,"column":4},"end":{"line":10,"column":30}},"4":{"start":{"line":12,"column":31},"end":{"line":12,"column":54}},"5":{"start":{"line":26,"column":19},"end":{"line":36,"column":5}},"6":{"start":{"line":38,"column":17},"end":{"line":38,"column":31}},"7":{"start":{"line":40,"column":4},"end":{"line":47,"column":5}},"8":{"start":{"line":42,"column":22},"end":{"line":42,"column":67}},"9":{"start":{"line":43,"column":6},"end":{"line":46,"column":7}},"10":{"start":{"line":44,"column":8},"end":{"line":44,"column":29}},"11":{"start":{"line":45,"column":8},"end":{"line":45,"column":20}},"12":{"start":{"line":49,"column":4},"end":{"line":49,"column":61}},"13":{"start":{"line":61,"column":27},"end":{"line":66,"column":5}},"14":{"start":{"line":68,"column":4},"end":{"line":70,"column":5}},"15":{"start":{"line":69,"column":6},"end":{"line":69,"column":67}},"16":{"start":{"line":72,"column":27},"end":{"line":72,"column":74}},"17":{"start":{"line":74,"column":19},"end":{"line":92,"column":5}},"18":{"start":{"line":94,"column":17},"end":{"line":94,"column":31}},"19":{"start":{"line":96,"column":4},"end":{"line":96,"column":16}},"20":{"start":{"line":105,"column":19},"end":{"line":113,"column":5}},"21":{"start":{"line":115,"column":4},"end":{"line":115,"column":23}},"22":{"start":{"line":127,"column":20},"end":{"line":136,"column":5}},"23":{"start":{"line":138,"column":17},"end":{"line":138,"column":32}},"24":{"start":{"line":140,"column":4},"end":{"line":140,"column":63}},"25":{"start":{"line":140,"column":15},"end":{"line":140,"column":63}},"26":{"start":{"line":142,"column":4},"end":{"line":142,"column":16}},"27":{"start":{"line":163,"column":4},"end":{"line":165,"column":5}},"28":{"start":{"line":164,"column":6},"end":{"line":164,"column":75}},"29":{"start":{"line":167,"column":32},"end":{"line":173,"column":10}},"30":{"start":{"line":174,"column":27},"end":{"line":174,"column":52}},"31":{"start":{"line":176,"column":21},"end":{"line":183,"column":54}},"32":{"start":{"line":184,"column":19},"end":{"line":184,"column":66}},"33":{"start":{"line":185,"column":17},"end":{"line":185,"column":31}},"34":{"start":{"line":187,"column":4},"end":{"line":187,"column":63}},"35":{"start":{"line":187,"column":15},"end":{"line":187,"column":63}},"36":{"start":{"line":189,"column":4},"end":{"line":189,"column":25}},"37":{"start":{"line":190,"column":4},"end":{"line":190,"column":16}},"38":{"start":{"line":196,"column":17},"end":{"line":202,"column":5}},"39":{"start":{"line":203,"column":17},"end":{"line":203,"column":31}},"40":{"start":{"line":205,"column":4},"end":{"line":205,"column":63}},"41":{"start":{"line":205,"column":15},"end":{"line":205,"column":63}},"42":{"start":{"line":210,"column":0},"end":{"line":210,"column":22}}},"fnMap":{"0":{"name":"(anonymous_0)","decl":{"start":{"line":24,"column":2},"end":{"line":24,"column":3}},"loc":{"start":{"line":24,"column":48},"end":{"line":50,"column":3}},"line":24},"1":{"name":"(anonymous_1)","decl":{"start":{"line":59,"column":2},"end":{"line":59,"column":3}},"loc":{"start":{"line":60,"column":67},"end":{"line":97,"column":3}},"line":60},"2":{"name":"(anonymous_2)","decl":{"start":{"line":104,"column":2},"end":{"line":104,"column":3}},"loc":{"start":{"line":104,"column":25},"end":{"line":116,"column":3}},"line":104},"3":{"name":"(anonymous_3)","decl":{"start":{"line":126,"column":2},"end":{"line":126,"column":3}},"loc":{"start":{"line":126,"column":29},"end":{"line":143,"column":3}},"line":126},"4":{"name":"(anonymous_4)","decl":{"start":{"line":162,"column":2},"end":{"line":162,"column":3}},"loc":{"start":{"line":162,"column":38},"end":{"line":191,"column":3}},"line":162},"5":{"name":"(anonymous_5)","decl":{"start":{"line":195,"column":2},"end":{"line":195,"column":3}},"loc":{"start":{"line":195,"column":32},"end":{"line":206,"column":3}},"line":195}},"branchMap":{"0":{"loc":{"start":{"line":40,"column":4},"end":{"line":47,"column":5}},"type":"if","locations":[{"start":{"line":40,"column":4},"end":{"line":47,"column":5}},{"start":{},"end":{}}],"line":40},"1":{"loc":{"start":{"line":43,"column":6},"end":{"line":46,"column":7}},"type":"if","locations":[{"start":{"line":43,"column":6},"end":{"line":46,"column":7}},{"start":{},"end":{}}],"line":43},"2":{"loc":{"start":{"line":68,"column":4},"end":{"line":70,"column":5}},"type":"if","locations":[{"start":{"line":68,"column":4},"end":{"line":70,"column":5}},{"start":{},"end":{}}],"line":68},"3":{"loc":{"start":{"line":140,"column":4},"end":{"line":140,"column":63}},"type":"if","locations":[{"start":{"line":140,"column":4},"end":{"line":140,"column":63}},{"start":{},"end":{}}],"line":140},"4":{"loc":{"start":{"line":163,"column":4},"end":{"line":165,"column":5}},"type":"if","locations":[{"start":{"line":163,"column":4},"end":{"line":165,"column":5}},{"start":{},"end":{}}],"line":163},"5":{"loc":{"start":{"line":187,"column":4},"end":{"line":187,"column":63}},"type":"if","locations":[{"start":{"line":187,"column":4},"end":{"line":187,"column":63}},{"start":{},"end":{}}],"line":187},"6":{"loc":{"start":{"line":205,"column":4},"end":{"line":205,"column":63}},"type":"if","locations":[{"start":{"line":205,"column":4},"end":{"line":205,"column":63}},{"start":{},"end":{}}],"line":205}},"s":{"0":6,"1":6,"2":6,"3":6,"4":6,"5":7,"6":7,"7":7,"8":4,"9":4,"10":3,"11":3,"12":4,"13":23,"14":23,"15":1,"16":22,"17":22,"18":22,"19":22,"20":2,"21":2,"22":5,"23":5,"24":5,"25":2,"26":3,"27":8,"28":2,"29":8,"30":7,"31":7,"32":7,"33":7,"34":7,"35":2,"36":5,"37":5,"38":5,"39":5,"40":5,"41":2,"42":6},"f":{"0":7,"1":23,"2":2,"3":5,"4":8,"5":5},"b":{"0":[4,3],"1":[3,1],"2":[1,22],"3":[2,3],"4":[2,6],"5":[2,5],"6":[2,3]},"_coverageSchema":"1a1c01bbd47fc00a2c39e90264f33305004495a9","hash":"698e31720f28e5c60edcf230d88d95db1db3b569"}
,"/Users/bills/Downloads/express-jobly/routes/_testCommon.js": {"path":"/Users/bills/Downloads/express-jobly/routes/_testCommon.js","statementMap":{"0":{"start":{"line":3,"column":11},"end":{"line":3,"column":30}},"1":{"start":{"line":4,"column":13},"end":{"line":4,"column":38}},"2":{"start":{"line":5,"column":16},"end":{"line":5,"column":44}},"3":{"start":{"line":6,"column":24},"end":{"line":6,"column":52}},"4":{"start":{"line":7,"column":12},"end":{"line":7,"column":39}},"5":{"start":{"line":9,"column":13},"end":{"line":9,"column":15}},"6":{"start":{"line":12,"column":2},"end":{"line":12,"column":38}},"7":{"start":{"line":14,"column":2},"end":{"line":14,"column":42}},"8":{"start":{"line":16,"column":2},"end":{"line":23,"column":9}},"9":{"start":{"line":24,"column":2},"end":{"line":31,"column":9}},"10":{"start":{"line":32,"column":2},"end":{"line":39,"column":9}},"11":{"start":{"line":41,"column":2},"end":{"line":48,"column":5}},"12":{"start":{"line":49,"column":2},"end":{"line":56,"column":5}},"13":{"start":{"line":57,"column":2},"end":{"line":64,"column":5}},"14":{"start":{"line":65,"column":2},"end":{"line":72,"column":5}},"15":{"start":{"line":73,"column":2},"end":{"line":77,"column":5}},"16":{"start":{"line":78,"column":2},"end":{"line":83,"column":4}},"17":{"start":{"line":84,"column":2},"end":{"line":89,"column":4}},"18":{"start":{"line":90,"column":14},"end":{"line":90,"column":51}},"19":{"start":{"line":91,"column":2},"end":{"line":91,"column":42}},"20":{"start":{"line":91,"column":35},"end":{"line":91,"column":39}},"21":{"start":{"line":95,"column":2},"end":{"line":95,"column":26}},"22":{"start":{"line":99,"column":2},"end":{"line":99,"column":29}},"23":{"start":{"line":103,"column":2},"end":{"line":103,"column":17}},"24":{"start":{"line":107,"column":16},"end":{"line":107,"column":63}},"25":{"start":{"line":108,"column":20},"end":{"line":108,"column":70}},"26":{"start":{"line":111,"column":0},"end":{"line":119,"column":2}}},"fnMap":{"0":{"name":"commonBeforeAll","decl":{"start":{"line":10,"column":15},"end":{"line":10,"column":30}},"loc":{"start":{"line":10,"column":33},"end":{"line":92,"column":1}},"line":10},"1":{"name":"(anonymous_1)","decl":{"start":{"line":91,"column":30},"end":{"line":91,"column":31}},"loc":{"start":{"line":91,"column":35},"end":{"line":91,"column":39}},"line":91},"2":{"name":"commonBeforeEach","decl":{"start":{"line":94,"column":15},"end":{"line":94,"column":31}},"loc":{"start":{"line":94,"column":34},"end":{"line":96,"column":1}},"line":94},"3":{"name":"commonAfterEach","decl":{"start":{"line":98,"column":15},"end":{"line":98,"column":30}},"loc":{"start":{"line":98,"column":33},"end":{"line":100,"column":1}},"line":98},"4":{"name":"commonAfterAll","decl":{"start":{"line":102,"column":15},"end":{"line":102,"column":29}},"loc":{"start":{"line":102,"column":32},"end":{"line":104,"column":1}},"line":102}},"branchMap":{},"s":{"0":4,"1":4,"2":4,"3":4,"4":4,"5":4,"6":4,"7":4,"8":4,"9":4,"10":4,"11":4,"12":4,"13":4,"14":4,"15":4,"16":4,"17":4,"18":4,"19":4,"20":12,"21":82,"22":82,"23":4,"24":4,"25":4,"26":4},"f":{"0":4,"1":12,"2":82,"3":82,"4":4},"b":{},"_coverageSchema":"1a1c01bbd47fc00a2c39e90264f33305004495a9","hash":"831c7cdf7cdb6a80cace1d0d285fb205c0cbd652"}
,"/Users/bills/Downloads/express-jobly/routes/auth.js": {"path":"/Users/bills/Downloads/express-jobly/routes/auth.js","statementMap":{"0":{"start":{"line":5,"column":19},"end":{"line":5,"column":40}},"1":{"start":{"line":7,"column":13},"end":{"line":7,"column":38}},"2":{"start":{"line":8,"column":16},"end":{"line":8,"column":34}},"3":{"start":{"line":9,"column":15},"end":{"line":9,"column":35}},"4":{"start":{"line":10,"column":24},"end":{"line":10,"column":52}},"5":{"start":{"line":11,"column":23},"end":{"line":11,"column":58}},"6":{"start":{"line":12,"column":27},"end":{"line":12,"column":66}},"7":{"start":{"line":13,"column":28},"end":{"line":13,"column":54}},"8":{"start":{"line":22,"column":0},"end":{"line":37,"column":3}},"9":{"start":{"line":23,"column":20},"end":{"line":27,"column":3}},"10":{"start":{"line":28,"column":2},"end":{"line":31,"column":3}},"11":{"start":{"line":29,"column":17},"end":{"line":29,"column":51}},"12":{"start":{"line":29,"column":43},"end":{"line":29,"column":50}},"13":{"start":{"line":30,"column":4},"end":{"line":30,"column":36}},"14":{"start":{"line":33,"column":33},"end":{"line":33,"column":41}},"15":{"start":{"line":34,"column":15},"end":{"line":34,"column":58}},"16":{"start":{"line":35,"column":16},"end":{"line":35,"column":33}},"17":{"start":{"line":36,"column":2},"end":{"line":36,"column":29}},"18":{"start":{"line":49,"column":0},"end":{"line":63,"column":3}},"19":{"start":{"line":50,"column":20},"end":{"line":54,"column":3}},"20":{"start":{"line":55,"column":2},"end":{"line":58,"column":3}},"21":{"start":{"line":56,"column":17},"end":{"line":56,"column":51}},"22":{"start":{"line":56,"column":43},"end":{"line":56,"column":50}},"23":{"start":{"line":57,"column":4},"end":{"line":57,"column":36}},"24":{"start":{"line":60,"column":18},"end":{"line":60,"column":70}},"25":{"start":{"line":61,"column":16},"end":{"line":61,"column":36}},"26":{"start":{"line":62,"column":2},"end":{"line":62,"column":41}},"27":{"start":{"line":66,"column":0},"end":{"line":66,"column":24}}},"fnMap":{"0":{"name":"(anonymous_0)","decl":{"start":{"line":22,"column":22},"end":{"line":22,"column":23}},"loc":{"start":{"line":22,"column":54},"end":{"line":37,"column":1}},"line":22},"1":{"name":"(anonymous_1)","decl":{"start":{"line":29,"column":38},"end":{"line":29,"column":39}},"loc":{"start":{"line":29,"column":43},"end":{"line":29,"column":50}},"line":29},"2":{"name":"(anonymous_2)","decl":{"start":{"line":49,"column":25},"end":{"line":49,"column":26}},"loc":{"start":{"line":49,"column":57},"end":{"line":63,"column":1}},"line":49},"3":{"name":"(anonymous_3)","decl":{"start":{"line":56,"column":38},"end":{"line":56,"column":39}},"loc":{"start":{"line":56,"column":43},"end":{"line":56,"column":50}},"line":56}},"branchMap":{"0":{"loc":{"start":{"line":28,"column":2},"end":{"line":31,"column":3}},"type":"if","locations":[{"start":{"line":28,"column":2},"end":{"line":31,"column":3}},{"start":{},"end":{}}],"line":28},"1":{"loc":{"start":{"line":55,"column":2},"end":{"line":58,"column":3}},"type":"if","locations":[{"start":{"line":55,"column":2},"end":{"line":58,"column":3}},{"start":{},"end":{}}],"line":55}},"s":{"0":5,"1":5,"2":5,"3":5,"4":5,"5":5,"6":5,"7":5,"8":5,"9":5,"10":5,"11":2,"12":2,"13":2,"14":3,"15":3,"16":1,"17":1,"18":5,"19":3,"20":3,"21":2,"22":5,"23":2,"24":1,"25":1,"26":1,"27":5},"f":{"0":5,"1":2,"2":3,"3":5},"b":{"0":[2,3],"1":[2,1]},"_coverageSchema":"1a1c01bbd47fc00a2c39e90264f33305004495a9","hash":"b8b7681af4a01b0e93a49aba113e5a5b68155355"}
,"/Users/bills/Downloads/express-jobly/routes/companies.js": {"path":"/Users/bills/Downloads/express-jobly/routes/companies.js","statementMap":{"0":{"start":{"line":5,"column":19},"end":{"line":5,"column":40}},"1":{"start":{"line":6,"column":16},"end":{"line":6,"column":34}},"2":{"start":{"line":8,"column":28},"end":{"line":8,"column":54}},"3":{"start":{"line":9,"column":40},"end":{"line":9,"column":69}},"4":{"start":{"line":10,"column":16},"end":{"line":10,"column":44}},"5":{"start":{"line":12,"column":25},"end":{"line":12,"column":62}},"6":{"start":{"line":13,"column":28},"end":{"line":13,"column":68}},"7":{"start":{"line":14,"column":28},"end":{"line":14,"column":68}},"8":{"start":{"line":16,"column":15},"end":{"line":16,"column":35}},"9":{"start":{"line":28,"column":0},"end":{"line":41,"column":3}},"10":{"start":{"line":29,"column":20},"end":{"line":33,"column":3}},"11":{"start":{"line":34,"column":2},"end":{"line":37,"column":3}},"12":{"start":{"line":35,"column":17},"end":{"line":35,"column":51}},"13":{"start":{"line":35,"column":43},"end":{"line":35,"column":50}},"14":{"start":{"line":36,"column":4},"end":{"line":36,"column":36}},"15":{"start":{"line":39,"column":18},"end":{"line":39,"column":48}},"16":{"start":{"line":40,"column":2},"end":{"line":40,"column":43}},"17":{"start":{"line":54,"column":0},"end":{"line":87,"column":3}},"18":{"start":{"line":56,"column":10},"end":{"line":56,"column":19}},"19":{"start":{"line":58,"column":2},"end":{"line":60,"column":3}},"20":{"start":{"line":59,"column":4},"end":{"line":59,"column":46}},"21":{"start":{"line":62,"column":2},"end":{"line":64,"column":3}},"22":{"start":{"line":63,"column":4},"end":{"line":63,"column":46}},"23":{"start":{"line":66,"column":2},"end":{"line":70,"column":3}},"24":{"start":{"line":67,"column":4},"end":{"line":69,"column":5}},"25":{"start":{"line":68,"column":6},"end":{"line":68,"column":79}},"26":{"start":{"line":72,"column":20},"end":{"line":76,"column":3}},"27":{"start":{"line":78,"column":2},"end":{"line":82,"column":3}},"28":{"start":{"line":79,"column":4},"end":{"line":79,"column":29}},"29":{"start":{"line":80,"column":17},"end":{"line":80,"column":51}},"30":{"start":{"line":80,"column":43},"end":{"line":80,"column":50}},"31":{"start":{"line":81,"column":4},"end":{"line":81,"column":36}},"32":{"start":{"line":84,"column":20},"end":{"line":84,"column":44}},"33":{"start":{"line":86,"column":2},"end":{"line":86,"column":33}},"34":{"start":{"line":97,"column":0},"end":{"line":100,"column":3}},"35":{"start":{"line":98,"column":18},"end":{"line":98,"column":54}},"36":{"start":{"line":99,"column":2},"end":{"line":99,"column":31}},"37":{"start":{"line":113,"column":0},"end":{"line":126,"column":3}},"38":{"start":{"line":114,"column":20},"end":{"line":118,"column":3}},"39":{"start":{"line":119,"column":2},"end":{"line":122,"column":3}},"40":{"start":{"line":120,"column":17},"end":{"line":120,"column":51}},"41":{"start":{"line":120,"column":43},"end":{"line":120,"column":50}},"42":{"start":{"line":121,"column":4},"end":{"line":121,"column":36}},"43":{"start":{"line":124,"column":18},"end":{"line":124,"column":67}},"44":{"start":{"line":125,"column":2},"end":{"line":125,"column":31}},"45":{"start":{"line":133,"column":0},"end":{"line":136,"column":3}},"46":{"start":{"line":134,"column":2},"end":{"line":134,"column":42}},"47":{"start":{"line":135,"column":2},"end":{"line":135,"column":50}},"48":{"start":{"line":139,"column":0},"end":{"line":139,"column":24}}},"fnMap":{"0":{"name":"(anonymous_0)","decl":{"start":{"line":28,"column":30},"end":{"line":28,"column":31}},"loc":{"start":{"line":28,"column":62},"end":{"line":41,"column":1}},"line":28},"1":{"name":"(anonymous_1)","decl":{"start":{"line":35,"column":38},"end":{"line":35,"column":39}},"loc":{"start":{"line":35,"column":43},"end":{"line":35,"column":50}},"line":35},"2":{"name":"(anonymous_2)","decl":{"start":{"line":54,"column":16},"end":{"line":54,"column":17}},"loc":{"start":{"line":54,"column":48},"end":{"line":87,"column":1}},"line":54},"3":{"name":"(anonymous_3)","decl":{"start":{"line":80,"column":38},"end":{"line":80,"column":39}},"loc":{"start":{"line":80,"column":43},"end":{"line":80,"column":50}},"line":80},"4":{"name":"(anonymous_4)","decl":{"start":{"line":97,"column":23},"end":{"line":97,"column":24}},"loc":{"start":{"line":97,"column":55},"end":{"line":100,"column":1}},"line":97},"5":{"name":"(anonymous_5)","decl":{"start":{"line":113,"column":38},"end":{"line":113,"column":39}},"loc":{"start":{"line":113,"column":70},"end":{"line":126,"column":1}},"line":113},"6":{"name":"(anonymous_6)","decl":{"start":{"line":120,"column":38},"end":{"line":120,"column":39}},"loc":{"start":{"line":120,"column":43},"end":{"line":120,"column":50}},"line":120},"7":{"name":"(anonymous_7)","decl":{"start":{"line":133,"column":39},"end":{"line":133,"column":40}},"loc":{"start":{"line":133,"column":71},"end":{"line":136,"column":1}},"line":133}},"branchMap":{"0":{"loc":{"start":{"line":34,"column":2},"end":{"line":37,"column":3}},"type":"if","locations":[{"start":{"line":34,"column":2},"end":{"line":37,"column":3}},{"start":{},"end":{}}],"line":34},"1":{"loc":{"start":{"line":58,"column":2},"end":{"line":60,"column":3}},"type":"if","locations":[{"start":{"line":58,"column":2},"end":{"line":60,"column":3}},{"start":{},"end":{}}],"line":58},"2":{"loc":{"start":{"line":62,"column":2},"end":{"line":64,"column":3}},"type":"if","locations":[{"start":{"line":62,"column":2},"end":{"line":64,"column":3}},{"start":{},"end":{}}],"line":62},"3":{"loc":{"start":{"line":66,"column":2},"end":{"line":70,"column":3}},"type":"if","locations":[{"start":{"line":66,"column":2},"end":{"line":70,"column":3}},{"start":{},"end":{}}],"line":66},"4":{"loc":{"start":{"line":66,"column":5},"end":{"line":66,"column":37}},"type":"binary-expr","locations":[{"start":{"line":66,"column":5},"end":{"line":66,"column":19}},{"start":{"line":66,"column":23},"end":{"line":66,"column":37}}],"line":66},"5":{"loc":{"start":{"line":67,"column":4},"end":{"line":69,"column":5}},"type":"if","locations":[{"start":{"line":67,"column":4},"end":{"line":69,"column":5}},{"start":{},"end":{}}],"line":67},"6":{"loc":{"start":{"line":78,"column":2},"end":{"line":82,"column":3}},"type":"if","locations":[{"start":{"line":78,"column":2},"end":{"line":82,"column":3}},{"start":{},"end":{}}],"line":78},"7":{"loc":{"start":{"line":119,"column":2},"end":{"line":122,"column":3}},"type":"if","locations":[{"start":{"line":119,"column":2},"end":{"line":122,"column":3}},{"start":{},"end":{}}],"line":119}},"s":{"0":5,"1":5,"2":5,"3":5,"4":5,"5":5,"6":5,"7":5,"8":5,"9":5,"10":3,"11":3,"12":2,"13":3,"14":2,"15":1,"16":1,"17":5,"18":8,"19":8,"20":3,"21":8,"22":3,"23":8,"24":1,"25":1,"26":7,"27":7,"28":3,"29":3,"30":3,"31":3,"32":4,"33":3,"34":5,"35":3,"36":2,"37":5,"38":4,"39":4,"40":2,"41":2,"42":2,"43":2,"44":1,"45":5,"46":2,"47":1,"48":5},"f":{"0":3,"1":3,"2":8,"3":3,"4":3,"5":4,"6":2,"7":2},"b":{"0":[2,1],"1":[3,5],"2":[3,5],"3":[1,7],"4":[8,2],"5":[1,0],"6":[3,4],"7":[2,2]},"_coverageSchema":"1a1c01bbd47fc00a2c39e90264f33305004495a9","hash":"f32e97eb3c059fb9829a9d2fdf6d931bfa03f355"}
,"/Users/bills/Downloads/express-jobly/routes/jobs.js": {"path":"/Users/bills/Downloads/express-jobly/routes/jobs.js","statementMap":{"0":{"start":{"line":5,"column":19},"end":{"line":5,"column":40}},"1":{"start":{"line":6,"column":16},"end":{"line":6,"column":34}},"2":{"start":{"line":8,"column":28},"end":{"line":8,"column":54}},"3":{"start":{"line":9,"column":24},"end":{"line":9,"column":53}},"4":{"start":{"line":10,"column":12},"end":{"line":10,"column":36}},"5":{"start":{"line":12,"column":21},"end":{"line":12,"column":54}},"6":{"start":{"line":13,"column":24},"end":{"line":13,"column":60}},"7":{"start":{"line":14,"column":24},"end":{"line":14,"column":60}},"8":{"start":{"line":16,"column":15},"end":{"line":16,"column":35}},"9":{"start":{"line":28,"column":0},"end":{"line":41,"column":3}},"10":{"start":{"line":29,"column":20},"end":{"line":33,"column":3}},"11":{"start":{"line":34,"column":2},"end":{"line":37,"column":3}},"12":{"start":{"line":35,"column":17},"end":{"line":35,"column":51}},"13":{"start":{"line":35,"column":43},"end":{"line":35,"column":50}},"14":{"start":{"line":36,"column":4},"end":{"line":36,"column":36}},"15":{"start":{"line":39,"column":14},"end":{"line":39,"column":40}},"16":{"start":{"line":40,"column":2},"end":{"line":40,"column":39}},"17":{"start":{"line":54,"column":0},"end":{"line":81,"column":3}},"18":{"start":{"line":56,"column":10},"end":{"line":56,"column":19}},"19":{"start":{"line":58,"column":2},"end":{"line":60,"column":3}},"20":{"start":{"line":59,"column":4},"end":{"line":59,"column":34}},"21":{"start":{"line":62,"column":2},"end":{"line":64,"column":3}},"22":{"start":{"line":63,"column":4},"end":{"line":63,"column":23}},"23":{"start":{"line":66,"column":20},"end":{"line":70,"column":3}},"24":{"start":{"line":72,"column":2},"end":{"line":76,"column":3}},"25":{"start":{"line":73,"column":4},"end":{"line":73,"column":29}},"26":{"start":{"line":74,"column":17},"end":{"line":74,"column":51}},"27":{"start":{"line":74,"column":43},"end":{"line":74,"column":50}},"28":{"start":{"line":75,"column":4},"end":{"line":75,"column":36}},"29":{"start":{"line":78,"column":15},"end":{"line":78,"column":35}},"30":{"start":{"line":80,"column":2},"end":{"line":80,"column":28}},"31":{"start":{"line":90,"column":0},"end":{"line":93,"column":3}},"32":{"start":{"line":91,"column":14},"end":{"line":91,"column":50}},"33":{"start":{"line":92,"column":2},"end":{"line":92,"column":27}},"34":{"start":{"line":106,"column":0},"end":{"line":119,"column":3}},"35":{"start":{"line":107,"column":20},"end":{"line":111,"column":3}},"36":{"start":{"line":112,"column":2},"end":{"line":115,"column":3}},"37":{"start":{"line":113,"column":17},"end":{"line":113,"column":51}},"38":{"start":{"line":113,"column":43},"end":{"line":113,"column":50}},"39":{"start":{"line":114,"column":4},"end":{"line":114,"column":36}},"40":{"start":{"line":117,"column":14},"end":{"line":117,"column":55}},"41":{"start":{"line":118,"column":2},"end":{"line":118,"column":27}},"42":{"start":{"line":126,"column":0},"end":{"line":129,"column":3}},"43":{"start":{"line":127,"column":2},"end":{"line":127,"column":34}},"44":{"start":{"line":128,"column":2},"end":{"line":128,"column":46}},"45":{"start":{"line":132,"column":0},"end":{"line":132,"column":24}}},"fnMap":{"0":{"name":"(anonymous_0)","decl":{"start":{"line":28,"column":30},"end":{"line":28,"column":31}},"loc":{"start":{"line":28,"column":62},"end":{"line":41,"column":1}},"line":28},"1":{"name":"(anonymous_1)","decl":{"start":{"line":35,"column":38},"end":{"line":35,"column":39}},"loc":{"start":{"line":35,"column":43},"end":{"line":35,"column":50}},"line":35},"2":{"name":"(anonymous_2)","decl":{"start":{"line":54,"column":16},"end":{"line":54,"column":17}},"loc":{"start":{"line":54,"column":48},"end":{"line":81,"column":1}},"line":54},"3":{"name":"(anonymous_3)","decl":{"start":{"line":74,"column":38},"end":{"line":74,"column":39}},"loc":{"start":{"line":74,"column":43},"end":{"line":74,"column":50}},"line":74},"4":{"name":"(anonymous_4)","decl":{"start":{"line":90,"column":19},"end":{"line":90,"column":20}},"loc":{"start":{"line":90,"column":51},"end":{"line":93,"column":1}},"line":90},"5":{"name":"(anonymous_5)","decl":{"start":{"line":106,"column":34},"end":{"line":106,"column":35}},"loc":{"start":{"line":106,"column":66},"end":{"line":119,"column":1}},"line":106},"6":{"name":"(anonymous_6)","decl":{"start":{"line":113,"column":38},"end":{"line":113,"column":39}},"loc":{"start":{"line":113,"column":43},"end":{"line":113,"column":50}},"line":113},"7":{"name":"(anonymous_7)","decl":{"start":{"line":126,"column":35},"end":{"line":126,"column":36}},"loc":{"start":{"line":126,"column":67},"end":{"line":129,"column":1}},"line":126}},"branchMap":{"0":{"loc":{"start":{"line":34,"column":2},"end":{"line":37,"column":3}},"type":"if","locations":[{"start":{"line":34,"column":2},"end":{"line":37,"column":3}},{"start":{},"end":{}}],"line":34},"1":{"loc":{"start":{"line":58,"column":2},"end":{"line":60,"column":3}},"type":"if","locations":[{"start":{"line":58,"column":2},"end":{"line":60,"column":3}},{"start":{},"end":{}}],"line":58},"2":{"loc":{"start":{"line":62,"column":2},"end":{"line":64,"column":3}},"type":"if","locations":[{"start":{"line":62,"column":2},"end":{"line":64,"column":3}},{"start":{},"end":{}}],"line":62},"3":{"loc":{"start":{"line":72,"column":2},"end":{"line":76,"column":3}},"type":"if","locations":[{"start":{"line":72,"column":2},"end":{"line":76,"column":3}},{"start":{},"end":{}}],"line":72},"4":{"loc":{"start":{"line":112,"column":2},"end":{"line":115,"column":3}},"type":"if","locations":[{"start":{"line":112,"column":2},"end":{"line":115,"column":3}},{"start":{},"end":{}}],"line":112}},"s":{"0":5,"1":5,"2":5,"3":5,"4":5,"5":5,"6":5,"7":5,"8":5,"9":5,"10":3,"11":3,"12":2,"13":3,"14":2,"15":1,"16":1,"17":5,"18":7,"19":7,"20":1,"21":7,"22":1,"23":7,"24":7,"25":3,"26":3,"27":3,"28":3,"29":4,"30":3,"31":5,"32":2,"33":1,"34":5,"35":4,"36":4,"37":2,"38":2,"39":2,"40":2,"41":1,"42":5,"43":2,"44":1,"45":5},"f":{"0":3,"1":3,"2":7,"3":3,"4":2,"5":4,"6":2,"7":2},"b":{"0":[2,1],"1":[1,6],"2":[1,6],"3":[3,4],"4":[2,2]},"_coverageSchema":"1a1c01bbd47fc00a2c39e90264f33305004495a9","hash":"a04c1b6afb5d3e768081f1f581aac7c81d4bd303"}
,"/Users/bills/Downloads/express-jobly/routes/users.js": {"path":"/Users/bills/Downloads/express-jobly/routes/users.js","statementMap":{"0":{"start":{"line":5,"column":19},"end":{"line":5,"column":40}},"1":{"start":{"line":7,"column":16},"end":{"line":7,"column":34}},"2":{"start":{"line":8,"column":66},"end":{"line":8,"column":95}},"3":{"start":{"line":9,"column":28},"end":{"line":9,"column":54}},"4":{"start":{"line":10,"column":13},"end":{"line":10,"column":38}},"5":{"start":{"line":11,"column":24},"end":{"line":11,"column":52}},"6":{"start":{"line":12,"column":22},"end":{"line":12,"column":56}},"7":{"start":{"line":13,"column":25},"end":{"line":13,"column":62}},"8":{"start":{"line":15,"column":15},"end":{"line":15,"column":31}},"9":{"start":{"line":30,"column":0},"end":{"line":46,"column":3}},"10":{"start":{"line":33,"column":20},"end":{"line":37,"column":3}},"11":{"start":{"line":38,"column":2},"end":{"line":41,"column":3}},"12":{"start":{"line":39,"column":17},"end":{"line":39,"column":51}},"13":{"start":{"line":39,"column":43},"end":{"line":39,"column":50}},"14":{"start":{"line":40,"column":4},"end":{"line":40,"column":36}},"15":{"start":{"line":43,"column":15},"end":{"line":43,"column":44}},"16":{"start":{"line":44,"column":16},"end":{"line":44,"column":33}},"17":{"start":{"line":45,"column":2},"end":{"line":45,"column":47}},"18":{"start":{"line":56,"column":0},"end":{"line":60,"column":3}},"19":{"start":{"line":58,"column":16},"end":{"line":58,"column":36}},"20":{"start":{"line":59,"column":2},"end":{"line":59,"column":29}},"21":{"start":{"line":71,"column":0},"end":{"line":75,"column":3}},"22":{"start":{"line":73,"column":15},"end":{"line":73,"column":50}},"23":{"start":{"line":74,"column":2},"end":{"line":74,"column":28}},"24":{"start":{"line":88,"column":0},"end":{"line":102,"column":3}},"25":{"start":{"line":90,"column":20},"end":{"line":94,"column":3}},"26":{"start":{"line":95,"column":2},"end":{"line":98,"column":3}},"27":{"start":{"line":96,"column":17},"end":{"line":96,"column":51}},"28":{"start":{"line":96,"column":43},"end":{"line":96,"column":50}},"29":{"start":{"line":97,"column":4},"end":{"line":97,"column":36}},"30":{"start":{"line":100,"column":15},"end":{"line":100,"column":63}},"31":{"start":{"line":101,"column":2},"end":{"line":101,"column":28}},"32":{"start":{"line":110,"column":0},"end":{"line":114,"column":3}},"33":{"start":{"line":112,"column":2},"end":{"line":112,"column":41}},"34":{"start":{"line":113,"column":2},"end":{"line":113,"column":52}},"35":{"start":{"line":117,"column":0},"end":{"line":117,"column":24}}},"fnMap":{"0":{"name":"(anonymous_0)","decl":{"start":{"line":31,"column":2},"end":{"line":31,"column":3}},"loc":{"start":{"line":31,"column":34},"end":{"line":46,"column":1}},"line":31},"1":{"name":"(anonymous_1)","decl":{"start":{"line":39,"column":38},"end":{"line":39,"column":39}},"loc":{"start":{"line":39,"column":43},"end":{"line":39,"column":50}},"line":39},"2":{"name":"(anonymous_2)","decl":{"start":{"line":57,"column":2},"end":{"line":57,"column":3}},"loc":{"start":{"line":57,"column":34},"end":{"line":60,"column":1}},"line":57},"3":{"name":"(anonymous_3)","decl":{"start":{"line":72,"column":2},"end":{"line":72,"column":3}},"loc":{"start":{"line":72,"column":34},"end":{"line":75,"column":1}},"line":72},"4":{"name":"(anonymous_4)","decl":{"start":{"line":89,"column":0},"end":{"line":89,"column":1}},"loc":{"start":{"line":89,"column":32},"end":{"line":102,"column":1}},"line":89},"5":{"name":"(anonymous_5)","decl":{"start":{"line":96,"column":38},"end":{"line":96,"column":39}},"loc":{"start":{"line":96,"column":43},"end":{"line":96,"column":50}},"line":96},"6":{"name":"(anonymous_6)","decl":{"start":{"line":111,"column":1},"end":{"line":111,"column":2}},"loc":{"start":{"line":111,"column":33},"end":{"line":114,"column":1}},"line":111}},"branchMap":{"0":{"loc":{"start":{"line":38,"column":2},"end":{"line":41,"column":3}},"type":"if","locations":[{"start":{"line":38,"column":2},"end":{"line":41,"column":3}},{"start":{},"end":{}}],"line":38},"1":{"loc":{"start":{"line":95,"column":2},"end":{"line":98,"column":3}},"type":"if","locations":[{"start":{"line":95,"column":2},"end":{"line":98,"column":3}},{"start":{},"end":{}}],"line":95}},"s":{"0":5,"1":5,"2":5,"3":5,"4":5,"5":5,"6":5,"7":5,"8":5,"9":5,"10":4,"11":4,"12":2,"13":5,"14":2,"15":2,"16":2,"17":2,"18":5,"19":1,"20":1,"21":5,"22":3,"23":2,"24":5,"25":5,"26":5,"27":1,"28":1,"29":1,"30":4,"31":3,"32":5,"33":3,"34":2,"35":5},"f":{"0":4,"1":5,"2":1,"3":3,"4":5,"5":1,"6":3},"b":{"0":[2,2],"1":[1,4]},"_coverageSchema":"1a1c01bbd47fc00a2c39e90264f33305004495a9","hash":"cdf4a85bb0815f26ad17f338895da1f8dd09f9d1"}
}
