{"/Users/bills/Downloads/express-jobly/app.js": {"path":"/Users/bills/Downloads/express-jobly/app.js","statementMap":{"0":{"start":{"line":5,"column":16},"end":{"line":5,"column":34}},"1":{"start":{"line":6,"column":13},"end":{"line":6,"column":28}},"2":{"start":{"line":8,"column":26},"end":{"line":8,"column":51}},"3":{"start":{"line":10,"column":28},"end":{"line":10,"column":56}},"4":{"start":{"line":11,"column":19},"end":{"line":11,"column":43}},"5":{"start":{"line":12,"column":24},"end":{"line":12,"column":53}},"6":{"start":{"line":13,"column":20},"end":{"line":13,"column":45}},"7":{"start":{"line":15,"column":15},"end":{"line":15,"column":32}},"8":{"start":{"line":17,"column":12},"end":{"line":17,"column":21}},"9":{"start":{"line":19,"column":0},"end":{"line":19,"column":16}},"10":{"start":{"line":20,"column":0},"end":{"line":20,"column":24}},"11":{"start":{"line":21,"column":0},"end":{"line":21,"column":24}},"12":{"start":{"line":22,"column":0},"end":{"line":22,"column":25}},"13":{"start":{"line":24,"column":0},"end":{"line":24,"column":29}},"14":{"start":{"line":25,"column":0},"end":{"line":25,"column":39}},"15":{"start":{"line":26,"column":0},"end":{"line":26,"column":31}},"16":{"start":{"line":30,"column":0},"end":{"line":32,"column":3}},"17":{"start":{"line":31,"column":2},"end":{"line":31,"column":28}},"18":{"start":{"line":35,"column":0},"end":{"line":43,"column":3}},"19":{"start":{"line":36,"column":2},"end":{"line":36,"column":64}},"20":{"start":{"line":36,"column":39},"end":{"line":36,"column":64}},"21":{"start":{"line":37,"column":17},"end":{"line":37,"column":34}},"22":{"start":{"line":38,"column":18},"end":{"line":38,"column":29}},"23":{"start":{"line":40,"column":2},"end":{"line":42,"column":5}},"24":{"start":{"line":45,"column":0},"end":{"line":45,"column":21}}},"fnMap":{"0":{"name":"(anonymous_0)","decl":{"start":{"line":30,"column":8},"end":{"line":30,"column":9}},"loc":{"start":{"line":30,"column":34},"end":{"line":32,"column":1}},"line":30},"1":{"name":"(anonymous_1)","decl":{"start":{"line":35,"column":8},"end":{"line":35,"column":9}},"loc":{"start":{"line":35,"column":39},"end":{"line":43,"column":1}},"line":35}},"branchMap":{"0":{"loc":{"start":{"line":36,"column":2},"end":{"line":36,"column":64}},"type":"if","locations":[{"start":{"line":36,"column":2},"end":{"line":36,"column":64}},{"start":{},"end":{}}],"line":36},"1":{"loc":{"start":{"line":37,"column":17},"end":{"line":37,"column":34}},"type":"binary-expr","locations":[{"start":{"line":37,"column":17},"end":{"line":37,"column":27}},{"start":{"line":37,"column":31},"end":{"line":37,"column":34}}],"line":37}},"s":{"0":4,"1":4,"2":4,"3":4,"4":4,"5":4,"6":4,"7":4,"8":4,"9":4,"10":4,"11":4,"12":4,"13":4,"14":4,"15":4,"16":4,"17":2,"18":4,"19":41,"20":1,"21":41,"22":41,"23":41,"24":4},"f":{"0":2,"1":41},"b":{"0":[1,40],"1":[41,1]},"_coverageSchema":"1a1c01bbd47fc00a2c39e90264f33305004495a9","hash":"9ecd78dbffd8ee5ea9311d04fc2c6d885f66dee6"}
,"/Users/bills/Downloads/express-jobly/config.js": {"path":"/Users/bills/Downloads/express-jobly/config.js","statementMap":{"0":{"start":{"line":5,"column":0},"end":{"line":5,"column":27}},"1":{"start":{"line":6,"column":0},"end":{"line":6,"column":18}},"2":{"start":{"line":8,"column":19},"end":{"line":8,"column":57}},"3":{"start":{"line":10,"column":13},"end":{"line":10,"column":38}},"4":{"start":{"line":14,"column":2},"end":{"line":16,"column":44}},"5":{"start":{"line":22,"column":27},"end":{"line":22,"column":67}},"6":{"start":{"line":24,"column":0},"end":{"line":24,"column":35}},"7":{"start":{"line":25,"column":0},"end":{"line":25,"column":46}},"8":{"start":{"line":26,"column":0},"end":{"line":26,"column":45}},"9":{"start":{"line":27,"column":0},"end":{"line":27,"column":61}},"10":{"start":{"line":28,"column":0},"end":{"line":28,"column":50}},"11":{"start":{"line":29,"column":0},"end":{"line":29,"column":19}},"12":{"start":{"line":31,"column":0},"end":{"line":36,"column":2}}},"fnMap":{"0":{"name":"getDatabaseUri","decl":{"start":{"line":13,"column":9},"end":{"line":13,"column":23}},"loc":{"start":{"line":13,"column":26},"end":{"line":17,"column":1}},"line":13}},"branchMap":{"0":{"loc":{"start":{"line":8,"column":19},"end":{"line":8,"column":57}},"type":"binary-expr","locations":[{"start":{"line":8,"column":19},"end":{"line":8,"column":41}},{"start":{"line":8,"column":45},"end":{"line":8,"column":57}}],"line":8},"1":{"loc":{"start":{"line":10,"column":13},"end":{"line":10,"column":38}},"type":"binary-expr","locations":[{"start":{"line":10,"column":13},"end":{"line":10,"column":30}},{"start":{"line":10,"column":34},"end":{"line":10,"column":38}}],"line":10},"2":{"loc":{"start":{"line":14,"column":9},"end":{"line":16,"column":43}},"type":"cond-expr","locations":[{"start":{"line":15,"column":8},"end":{"line":15,"column":20}},{"start":{"line":16,"column":8},"end":{"line":16,"column":43}}],"line":14},"3":{"loc":{"start":{"line":16,"column":8},"end":{"line":16,"column":43}},"type":"binary-expr","locations":[{"start":{"line":16,"column":8},"end":{"line":16,"column":32}},{"start":{"line":16,"column":36},"end":{"line":16,"column":43}}],"line":16},"4":{"loc":{"start":{"line":22,"column":27},"end":{"line":22,"column":67}},"type":"cond-expr","locations":[{"start":{"line":22,"column":61},"end":{"line":22,"column":62}},{"start":{"line":22,"column":65},"end":{"line":22,"column":67}}],"line":22}},"s":{"0":9,"1":9,"2":9,"3":9,"4":18,"5":9,"6":9,"7":9,"8":9,"9":9,"10":9,"11":9,"12":9},"f":{"0":18},"b":{"0":[9,8],"1":[9,8],"2":[15,3],"3":[3,1],"4":[8,1]},"_coverageSchema":"1a1c01bbd47fc00a2c39e90264f33305004495a9","hash":"de51466f5ce0c6bb51fb7acb9d4d6c1d1e02117e"}
,"/Users/bills/Downloads/express-jobly/db.js": {"path":"/Users/bills/Downloads/express-jobly/db.js","statementMap":{"0":{"start":{"line":5,"column":19},"end":{"line":5,"column":32}},"1":{"start":{"line":6,"column":27},"end":{"line":6,"column":46}},"2":{"start":{"line":8,"column":11},"end":{"line":10,"column":2}},"3":{"start":{"line":12,"column":0},"end":{"line":12,"column":13}},"4":{"start":{"line":14,"column":0},"end":{"line":14,"column":20}}},"fnMap":{},"branchMap":{},"s":{"0":6,"1":6,"2":6,"3":6,"4":6},"f":{},"b":{},"_coverageSchema":"1a1c01bbd47fc00a2c39e90264f33305004495a9","hash":"6b9b7a4fe523d43e5690a7c84dd221679216c25a"}
,"/Users/bills/Downloads/express-jobly/expressError.js": {"path":"/Users/bills/Downloads/express-jobly/expressError.js","statementMap":{"0":{"start":{"line":9,"column":4},"end":{"line":9,"column":12}},"1":{"start":{"line":10,"column":4},"end":{"line":10,"column":27}},"2":{"start":{"line":11,"column":4},"end":{"line":11,"column":25}},"3":{"start":{"line":19,"column":4},"end":{"line":19,"column":24}},"4":{"start":{"line":27,"column":4},"end":{"line":27,"column":24}},"5":{"start":{"line":35,"column":4},"end":{"line":35,"column":24}},"6":{"start":{"line":43,"column":4},"end":{"line":43,"column":24}},"7":{"start":{"line":47,"column":0},"end":{"line":53,"column":2}}},"fnMap":{"0":{"name":"(anonymous_0)","decl":{"start":{"line":8,"column":2},"end":{"line":8,"column":3}},"loc":{"start":{"line":8,"column":31},"end":{"line":12,"column":3}},"line":8},"1":{"name":"(anonymous_1)","decl":{"start":{"line":18,"column":2},"end":{"line":18,"column":3}},"loc":{"start":{"line":18,"column":37},"end":{"line":20,"column":3}},"line":18},"2":{"name":"(anonymous_2)","decl":{"start":{"line":26,"column":2},"end":{"line":26,"column":3}},"loc":{"start":{"line":26,"column":40},"end":{"line":28,"column":3}},"line":26},"3":{"name":"(anonymous_3)","decl":{"start":{"line":34,"column":2},"end":{"line":34,"column":3}},"loc":{"start":{"line":34,"column":39},"end":{"line":36,"column":3}},"line":34},"4":{"name":"(anonymous_4)","decl":{"start":{"line":42,"column":2},"end":{"line":42,"column":3}},"loc":{"start":{"line":42,"column":39},"end":{"line":44,"column":3}},"line":42}},"branchMap":{"0":{"loc":{"start":{"line":18,"column":14},"end":{"line":18,"column":35}},"type":"default-arg","locations":[{"start":{"line":18,"column":24},"end":{"line":18,"column":35}}],"line":18},"1":{"loc":{"start":{"line":26,"column":14},"end":{"line":26,"column":38}},"type":"default-arg","locations":[{"start":{"line":26,"column":24},"end":{"line":26,"column":38}}],"line":26},"2":{"loc":{"start":{"line":34,"column":14},"end":{"line":34,"column":37}},"type":"default-arg","locations":[{"start":{"line":34,"column":24},"end":{"line":34,"column":37}}],"line":34},"3":{"loc":{"start":{"line":42,"column":14},"end":{"line":42,"column":37}},"type":"default-arg","locations":[{"start":{"line":42,"column":24},"end":{"line":42,"column":37}}],"line":42}},"s":{"0":54,"1":54,"2":54,"3":14,"4":20,"5":20,"6":0,"7":8},"f":{"0":54,"1":14,"2":20,"3":20,"4":0},"b":{"0":[2],"1":[16],"2":[0],"3":[0]},"_coverageSchema":"1a1c01bbd47fc00a2c39e90264f33305004495a9","hash":"9885b14f243c30dbce0327eddc4d62c5213faf18"}
,"/Users/bills/Downloads/express-jobly/helpers/sql.js": {"path":"/Users/bills/Downloads/express-jobly/helpers/sql.js","statementMap":{"0":{"start":{"line":1,"column":28},"end":{"line":1,"column":54}},"1":{"start":{"line":10,"column":15},"end":{"line":10,"column":40}},"2":{"start":{"line":11,"column":2},"end":{"line":11,"column":62}},"3":{"start":{"line":11,"column":25},"end":{"line":11,"column":62}},"4":{"start":{"line":14,"column":15},"end":{"line":16,"column":3}},"5":{"start":{"line":15,"column":6},"end":{"line":15,"column":52}},"6":{"start":{"line":18,"column":2},"end":{"line":21,"column":4}},"7":{"start":{"line":24,"column":0},"end":{"line":24,"column":41}}},"fnMap":{"0":{"name":"sqlForPartialUpdate","decl":{"start":{"line":9,"column":9},"end":{"line":9,"column":28}},"loc":{"start":{"line":9,"column":52},"end":{"line":22,"column":1}},"line":9},"1":{"name":"(anonymous_1)","decl":{"start":{"line":14,"column":24},"end":{"line":14,"column":25}},"loc":{"start":{"line":15,"column":6},"end":{"line":15,"column":52}},"line":15}},"branchMap":{"0":{"loc":{"start":{"line":11,"column":2},"end":{"line":11,"column":62}},"type":"if","locations":[{"start":{"line":11,"column":2},"end":{"line":11,"column":62}},{"start":{},"end":{}}],"line":11},"1":{"loc":{"start":{"line":15,"column":10},"end":{"line":15,"column":37}},"type":"binary-expr","locations":[{"start":{"line":15,"column":10},"end":{"line":15,"column":26}},{"start":{"line":15,"column":30},"end":{"line":15,"column":37}}],"line":15}},"s":{"0":7,"1":16,"2":16,"3":3,"4":13,"5":26,"6":13,"7":7},"f":{"0":16,"1":26},"b":{"0":[3,13],"1":[26,12]},"_coverageSchema":"1a1c01bbd47fc00a2c39e90264f33305004495a9","hash":"47fb4a26d0b226c4baa6c014cb504bbfea30fff5"}
,"/Users/bills/Downloads/express-jobly/helpers/tokens.js": {"path":"/Users/bills/Downloads/express-jobly/helpers/tokens.js","statementMap":{"0":{"start":{"line":1,"column":12},"end":{"line":1,"column":35}},"1":{"start":{"line":2,"column":23},"end":{"line":2,"column":43}},"2":{"start":{"line":7,"column":2},"end":{"line":8,"column":58}},"3":{"start":{"line":10,"column":16},"end":{"line":13,"column":3}},"4":{"start":{"line":15,"column":2},"end":{"line":15,"column":39}},"5":{"start":{"line":18,"column":0},"end":{"line":18,"column":33}}},"fnMap":{"0":{"name":"createToken","decl":{"start":{"line":6,"column":9},"end":{"line":6,"column":20}},"loc":{"start":{"line":6,"column":27},"end":{"line":16,"column":1}},"line":6}},"branchMap":{"0":{"loc":{"start":{"line":12,"column":13},"end":{"line":12,"column":34}},"type":"binary-expr","locations":[{"start":{"line":12,"column":13},"end":{"line":12,"column":25}},{"start":{"line":12,"column":29},"end":{"line":12,"column":34}}],"line":12}},"s":{"0":5,"1":5,"2":13,"3":13,"4":13,"5":5},"f":{"0":13},"b":{"0":[13,8]},"_coverageSchema":"1a1c01bbd47fc00a2c39e90264f33305004495a9","hash":"3d6e4eaee829ee37f4efeb20221ae5b509b755bf"}
,"/Users/bills/Downloads/express-jobly/middleware/auth.js": {"path":"/Users/bills/Downloads/express-jobly/middleware/auth.js","statementMap":{"0":{"start":{"line":5,"column":12},"end":{"line":5,"column":35}},"1":{"start":{"line":6,"column":23},"end":{"line":6,"column":43}},"2":{"start":{"line":7,"column":30},"end":{"line":7,"column":56}},"3":{"start":{"line":19,"column":2},"end":{"line":28,"column":3}},"4":{"start":{"line":20,"column":23},"end":{"line":20,"column":63}},"5":{"start":{"line":21,"column":4},"end":{"line":24,"column":5}},"6":{"start":{"line":22,"column":20},"end":{"line":22,"column":64}},"7":{"start":{"line":23,"column":6},"end":{"line":23,"column":54}},"8":{"start":{"line":25,"column":4},"end":{"line":25,"column":18}},"9":{"start":{"line":27,"column":4},"end":{"line":27,"column":18}},"10":{"start":{"line":37,"column":2},"end":{"line":43,"column":3}},"11":{"start":{"line":38,"column":4},"end":{"line":38,"column":13}},"12":{"start":{"line":39,"column":4},"end":{"line":39,"column":56}},"13":{"start":{"line":39,"column":26},"end":{"line":39,"column":56}},"14":{"start":{"line":40,"column":4},"end":{"line":40,"column":18}},"15":{"start":{"line":42,"column":4},"end":{"line":42,"column":21}},"16":{"start":{"line":53,"column":2},"end":{"line":58,"column":3}},"17":{"start":{"line":54,"column":4},"end":{"line":54,"column":64}},"18":{"start":{"line":54,"column":34},"end":{"line":54,"column":64}},"19":{"start":{"line":55,"column":4},"end":{"line":55,"column":18}},"20":{"start":{"line":57,"column":4},"end":{"line":57,"column":21}},"21":{"start":{"line":63,"column":2},"end":{"line":73,"column":3}},"22":{"start":{"line":64,"column":4},"end":{"line":66,"column":5}},"23":{"start":{"line":65,"column":6},"end":{"line":65,"column":20}},"24":{"start":{"line":67,"column":4},"end":{"line":69,"column":5}},"25":{"start":{"line":68,"column":6},"end":{"line":68,"column":37}},"26":{"start":{"line":70,"column":4},"end":{"line":70,"column":18}},"27":{"start":{"line":72,"column":4},"end":{"line":72,"column":21}},"28":{"start":{"line":77,"column":0},"end":{"line":82,"column":2}}},"fnMap":{"0":{"name":"authenticateJWT","decl":{"start":{"line":18,"column":9},"end":{"line":18,"column":24}},"loc":{"start":{"line":18,"column":41},"end":{"line":29,"column":1}},"line":18},"1":{"name":"ensureLoggedIn","decl":{"start":{"line":36,"column":9},"end":{"line":36,"column":23}},"loc":{"start":{"line":36,"column":40},"end":{"line":44,"column":1}},"line":36},"2":{"name":"ensureAuthorized","decl":{"start":{"line":52,"column":9},"end":{"line":52,"column":25}},"loc":{"start":{"line":52,"column":42},"end":{"line":59,"column":1}},"line":52},"3":{"name":"ensureCorrectUser","decl":{"start":{"line":62,"column":9},"end":{"line":62,"column":26}},"loc":{"start":{"line":62,"column":42},"end":{"line":75,"column":1}},"line":62}},"branchMap":{"0":{"loc":{"start":{"line":20,"column":23},"end":{"line":20,"column":63}},"type":"binary-expr","locations":[{"start":{"line":20,"column":23},"end":{"line":20,"column":34}},{"start":{"line":20,"column":38},"end":{"line":20,"column":63}}],"line":20},"1":{"loc":{"start":{"line":21,"column":4},"end":{"line":24,"column":5}},"type":"if","locations":[{"start":{"line":21,"column":4},"end":{"line":24,"column":5}},{"start":{},"end":{}}],"line":21},"2":{"loc":{"start":{"line":39,"column":4},"end":{"line":39,"column":56}},"type":"if","locations":[{"start":{"line":39,"column":4},"end":{"line":39,"column":56}},{"start":{},"end":{}}],"line":39},"3":{"loc":{"start":{"line":54,"column":4},"end":{"line":54,"column":64}},"type":"if","locations":[{"start":{"line":54,"column":4},"end":{"line":54,"column":64}},{"start":{},"end":{}}],"line":54},"4":{"loc":{"start":{"line":64,"column":4},"end":{"line":66,"column":5}},"type":"if","locations":[{"start":{"line":64,"column":4},"end":{"line":66,"column":5}},{"start":{},"end":{}}],"line":64},"5":{"loc":{"start":{"line":67,"column":4},"end":{"line":69,"column":5}},"type":"if","locations":[{"start":{"line":67,"column":4},"end":{"line":69,"column":5}},{"start":{},"end":{}}],"line":67}},"s":{"0":5,"1":5,"2":5,"3":64,"4":64,"5":64,"6":36,"7":36,"8":63,"9":1,"10":42,"11":42,"12":42,"13":8,"14":34,"15":8,"16":20,"17":20,"18":6,"19":14,"20":6,"21":13,"22":13,"23":5,"24":8,"25":2,"26":6,"27":2,"28":5},"f":{"0":64,"1":42,"2":20,"3":13},"b":{"0":[64,63],"1":[36,28],"2":[8,34],"3":[6,14],"4":[5,8],"5":[2,6]},"_coverageSchema":"1a1c01bbd47fc00a2c39e90264f33305004495a9","hash":"c31375d9002b1d90bb78c7860bc7f6b70b4f38bb"}
,"/Users/bills/Downloads/express-jobly/models/_testCommon.js": {"path":"/Users/bills/Downloads/express-jobly/models/_testCommon.js","statementMap":{"0":{"start":{"line":1,"column":15},"end":{"line":1,"column":32}},"1":{"start":{"line":3,"column":11},"end":{"line":3,"column":30}},"2":{"start":{"line":4,"column":31},"end":{"line":4,"column":51}},"3":{"start":{"line":8,"column":2},"end":{"line":8,"column":42}},"4":{"start":{"line":10,"column":2},"end":{"line":10,"column":38}},"5":{"start":{"line":12,"column":2},"end":{"line":16,"column":55}},"6":{"start":{"line":18,"column":2},"end":{"line":30,"column":9}},"7":{"start":{"line":37,"column":2},"end":{"line":37,"column":26}},"8":{"start":{"line":41,"column":2},"end":{"line":41,"column":29}},"9":{"start":{"line":45,"column":2},"end":{"line":45,"column":17}},"10":{"start":{"line":49,"column":0},"end":{"line":54,"column":2}}},"fnMap":{"0":{"name":"commonBeforeAll","decl":{"start":{"line":6,"column":15},"end":{"line":6,"column":30}},"loc":{"start":{"line":6,"column":33},"end":{"line":31,"column":1}},"line":6},"1":{"name":"commonBeforeEach","decl":{"start":{"line":36,"column":15},"end":{"line":36,"column":31}},"loc":{"start":{"line":36,"column":34},"end":{"line":38,"column":1}},"line":36},"2":{"name":"commonAfterEach","decl":{"start":{"line":40,"column":15},"end":{"line":40,"column":30}},"loc":{"start":{"line":40,"column":33},"end":{"line":42,"column":1}},"line":40},"3":{"name":"commonAfterAll","decl":{"start":{"line":44,"column":15},"end":{"line":44,"column":29}},"loc":{"start":{"line":44,"column":32},"end":{"line":46,"column":1}},"line":44}},"branchMap":{},"s":{"0":2,"1":2,"2":2,"3":2,"4":2,"5":2,"6":2,"7":30,"8":30,"9":2,"10":2},"f":{"0":2,"1":30,"2":30,"3":2},"b":{},"_coverageSchema":"1a1c01bbd47fc00a2c39e90264f33305004495a9","hash":"224b6df1adcf04b1c4f2391f9df38ac82acd4c0b"}
,"/Users/bills/Downloads/express-jobly/models/company.js": {"path":"/Users/bills/Downloads/express-jobly/models/company.js","statementMap":{"0":{"start":{"line":3,"column":11},"end":{"line":3,"column":27}},"1":{"start":{"line":4,"column":43},"end":{"line":4,"column":69}},"2":{"start":{"line":5,"column":32},"end":{"line":5,"column":57}},"3":{"start":{"line":20,"column":27},"end":{"line":24,"column":15}},"4":{"start":{"line":26,"column":4},"end":{"line":27,"column":64}},"5":{"start":{"line":27,"column":6},"end":{"line":27,"column":64}},"6":{"start":{"line":29,"column":19},"end":{"line":46,"column":5}},"7":{"start":{"line":47,"column":20},"end":{"line":47,"column":34}},"8":{"start":{"line":49,"column":4},"end":{"line":49,"column":19}},"9":{"start":{"line":64,"column":49},"end":{"line":64,"column":61}},"10":{"start":{"line":66,"column":16},"end":{"line":66,"column":24}},"11":{"start":{"line":67,"column":14},"end":{"line":67,"column":15}},"12":{"start":{"line":69,"column":4},"end":{"line":71,"column":5}},"13":{"start":{"line":70,"column":6},"end":{"line":70,"column":17}},"14":{"start":{"line":73,"column":4},"end":{"line":76,"column":5}},"15":{"start":{"line":74,"column":6},"end":{"line":74,"column":36}},"16":{"start":{"line":75,"column":6},"end":{"line":75,"column":12}},"17":{"start":{"line":77,"column":4},"end":{"line":83,"column":5}},"18":{"start":{"line":78,"column":6},"end":{"line":80,"column":7}},"19":{"start":{"line":79,"column":8},"end":{"line":79,"column":25}},"20":{"start":{"line":81,"column":6},"end":{"line":81,"column":42}},"21":{"start":{"line":82,"column":6},"end":{"line":82,"column":12}},"22":{"start":{"line":84,"column":4},"end":{"line":89,"column":5}},"23":{"start":{"line":85,"column":6},"end":{"line":87,"column":7}},"24":{"start":{"line":86,"column":8},"end":{"line":86,"column":25}},"25":{"start":{"line":88,"column":6},"end":{"line":88,"column":42}},"26":{"start":{"line":91,"column":4},"end":{"line":93,"column":5}},"27":{"start":{"line":92,"column":6},"end":{"line":92,"column":61}},"28":{"start":{"line":95,"column":4},"end":{"line":98,"column":6}},"29":{"start":{"line":107,"column":27},"end":{"line":107,"column":53}},"30":{"start":{"line":109,"column":25},"end":{"line":117,"column":34}},"31":{"start":{"line":118,"column":4},"end":{"line":118,"column":29}},"32":{"start":{"line":130,"column":23},"end":{"line":138,"column":15}},"33":{"start":{"line":140,"column":20},"end":{"line":140,"column":38}},"34":{"start":{"line":142,"column":4},"end":{"line":142,"column":67}},"35":{"start":{"line":142,"column":18},"end":{"line":142,"column":67}},"36":{"start":{"line":144,"column":4},"end":{"line":144,"column":19}},"37":{"start":{"line":160,"column":32},"end":{"line":165,"column":8}},"38":{"start":{"line":166,"column":25},"end":{"line":166,"column":50}},"39":{"start":{"line":168,"column":21},"end":{"line":172,"column":100}},"40":{"start":{"line":173,"column":19},"end":{"line":173,"column":64}},"41":{"start":{"line":174,"column":20},"end":{"line":174,"column":34}},"42":{"start":{"line":176,"column":4},"end":{"line":176,"column":67}},"43":{"start":{"line":176,"column":18},"end":{"line":176,"column":67}},"44":{"start":{"line":178,"column":4},"end":{"line":178,"column":19}},"45":{"start":{"line":187,"column":19},"end":{"line":192,"column":15}},"46":{"start":{"line":193,"column":20},"end":{"line":193,"column":34}},"47":{"start":{"line":195,"column":4},"end":{"line":195,"column":67}},"48":{"start":{"line":195,"column":18},"end":{"line":195,"column":67}},"49":{"start":{"line":200,"column":0},"end":{"line":200,"column":25}}},"fnMap":{"0":{"name":"(anonymous_0)","decl":{"start":{"line":19,"column":2},"end":{"line":19,"column":3}},"loc":{"start":{"line":19,"column":76},"end":{"line":50,"column":3}},"line":19},"1":{"name":"(anonymous_1)","decl":{"start":{"line":60,"column":2},"end":{"line":60,"column":3}},"loc":{"start":{"line":60,"column":39},"end":{"line":99,"column":3}},"line":60},"2":{"name":"(anonymous_2)","decl":{"start":{"line":105,"column":2},"end":{"line":105,"column":3}},"loc":{"start":{"line":105,"column":29},"end":{"line":119,"column":3}},"line":105},"3":{"name":"(anonymous_3)","decl":{"start":{"line":129,"column":2},"end":{"line":129,"column":3}},"loc":{"start":{"line":129,"column":27},"end":{"line":145,"column":3}},"line":129},"4":{"name":"(anonymous_4)","decl":{"start":{"line":159,"column":2},"end":{"line":159,"column":3}},"loc":{"start":{"line":159,"column":36},"end":{"line":179,"column":3}},"line":159},"5":{"name":"(anonymous_5)","decl":{"start":{"line":186,"column":2},"end":{"line":186,"column":3}},"loc":{"start":{"line":186,"column":30},"end":{"line":196,"column":3}},"line":186}},"branchMap":{"0":{"loc":{"start":{"line":26,"column":4},"end":{"line":27,"column":64}},"type":"if","locations":[{"start":{"line":26,"column":4},"end":{"line":27,"column":64}},{"start":{},"end":{}}],"line":26},"1":{"loc":{"start":{"line":69,"column":4},"end":{"line":71,"column":5}},"type":"if","locations":[{"start":{"line":69,"column":4},"end":{"line":71,"column":5}},{"start":{},"end":{}}],"line":69},"2":{"loc":{"start":{"line":69,"column":7},"end":{"line":69,"column":46}},"type":"binary-expr","locations":[{"start":{"line":69,"column":7},"end":{"line":69,"column":12}},{"start":{"line":69,"column":16},"end":{"line":69,"column":29}},{"start":{"line":69,"column":33},"end":{"line":69,"column":46}}],"line":69},"3":{"loc":{"start":{"line":73,"column":4},"end":{"line":76,"column":5}},"type":"if","locations":[{"start":{"line":73,"column":4},"end":{"line":76,"column":5}},{"start":{},"end":{}}],"line":73},"4":{"loc":{"start":{"line":77,"column":4},"end":{"line":83,"column":5}},"type":"if","locations":[{"start":{"line":77,"column":4},"end":{"line":83,"column":5}},{"start":{},"end":{}}],"line":77},"5":{"loc":{"start":{"line":78,"column":6},"end":{"line":80,"column":7}},"type":"if","locations":[{"start":{"line":78,"column":6},"end":{"line":80,"column":7}},{"start":{},"end":{}}],"line":78},"6":{"loc":{"start":{"line":84,"column":4},"end":{"line":89,"column":5}},"type":"if","locations":[{"start":{"line":84,"column":4},"end":{"line":89,"column":5}},{"start":{},"end":{}}],"line":84},"7":{"loc":{"start":{"line":85,"column":6},"end":{"line":87,"column":7}},"type":"if","locations":[{"start":{"line":85,"column":6},"end":{"line":87,"column":7}},{"start":{},"end":{}}],"line":85},"8":{"loc":{"start":{"line":91,"column":4},"end":{"line":93,"column":5}},"type":"if","locations":[{"start":{"line":91,"column":4},"end":{"line":93,"column":5}},{"start":{},"end":{}}],"line":91},"9":{"loc":{"start":{"line":142,"column":4},"end":{"line":142,"column":67}},"type":"if","locations":[{"start":{"line":142,"column":4},"end":{"line":142,"column":67}},{"start":{},"end":{}}],"line":142},"10":{"loc":{"start":{"line":176,"column":4},"end":{"line":176,"column":67}},"type":"if","locations":[{"start":{"line":176,"column":4},"end":{"line":176,"column":67}},{"start":{},"end":{}}],"line":176},"11":{"loc":{"start":{"line":195,"column":4},"end":{"line":195,"column":67}},"type":"if","locations":[{"start":{"line":195,"column":4},"end":{"line":195,"column":67}},{"start":{},"end":{}}],"line":195}},"s":{"0":5,"1":5,"2":5,"3":13,"4":13,"5":1,"6":12,"7":12,"8":12,"9":9,"10":9,"11":9,"12":9,"13":4,"14":9,"15":5,"16":5,"17":9,"18":3,"19":3,"20":3,"21":3,"22":9,"23":1,"24":1,"25":1,"26":9,"27":5,"28":9,"29":7,"30":7,"31":6,"32":5,"33":5,"34":5,"35":2,"36":3,"37":6,"38":5,"39":5,"40":5,"41":5,"42":5,"43":2,"44":3,"45":4,"46":4,"47":4,"48":2,"49":5},"f":{"0":13,"1":9,"2":7,"3":5,"4":6,"5":4},"b":{"0":[1,12],"1":[4,5],"2":[9,4,4],"3":[5,4],"4":[3,6],"5":[3,0],"6":[1,8],"7":[1,0],"8":[5,4],"9":[2,3],"10":[2,3],"11":[2,2]},"_coverageSchema":"1a1c01bbd47fc00a2c39e90264f33305004495a9","hash":"87d24865b84c30b4c35f6072b6743a0b512bedc1"}
,"/Users/bills/Downloads/express-jobly/models/user.js": {"path":"/Users/bills/Downloads/express-jobly/models/user.js","statementMap":{"0":{"start":{"line":3,"column":11},"end":{"line":3,"column":27}},"1":{"start":{"line":4,"column":15},"end":{"line":4,"column":32}},"2":{"start":{"line":5,"column":32},"end":{"line":5,"column":57}},"3":{"start":{"line":10,"column":4},"end":{"line":10,"column":30}},"4":{"start":{"line":12,"column":31},"end":{"line":12,"column":54}},"5":{"start":{"line":26,"column":19},"end":{"line":36,"column":5}},"6":{"start":{"line":38,"column":17},"end":{"line":38,"column":31}},"7":{"start":{"line":40,"column":4},"end":{"line":47,"column":5}},"8":{"start":{"line":42,"column":22},"end":{"line":42,"column":67}},"9":{"start":{"line":43,"column":6},"end":{"line":46,"column":7}},"10":{"start":{"line":44,"column":8},"end":{"line":44,"column":29}},"11":{"start":{"line":45,"column":8},"end":{"line":45,"column":20}},"12":{"start":{"line":49,"column":4},"end":{"line":49,"column":61}},"13":{"start":{"line":61,"column":27},"end":{"line":66,"column":5}},"14":{"start":{"line":68,"column":4},"end":{"line":70,"column":5}},"15":{"start":{"line":69,"column":6},"end":{"line":69,"column":67}},"16":{"start":{"line":72,"column":27},"end":{"line":72,"column":74}},"17":{"start":{"line":74,"column":19},"end":{"line":92,"column":5}},"18":{"start":{"line":94,"column":17},"end":{"line":94,"column":31}},"19":{"start":{"line":96,"column":4},"end":{"line":96,"column":16}},"20":{"start":{"line":105,"column":19},"end":{"line":113,"column":5}},"21":{"start":{"line":115,"column":4},"end":{"line":115,"column":23}},"22":{"start":{"line":127,"column":20},"end":{"line":136,"column":5}},"23":{"start":{"line":138,"column":17},"end":{"line":138,"column":32}},"24":{"start":{"line":140,"column":4},"end":{"line":140,"column":63}},"25":{"start":{"line":140,"column":15},"end":{"line":140,"column":63}},"26":{"start":{"line":142,"column":4},"end":{"line":142,"column":16}},"27":{"start":{"line":163,"column":4},"end":{"line":165,"column":5}},"28":{"start":{"line":164,"column":6},"end":{"line":164,"column":75}},"29":{"start":{"line":167,"column":32},"end":{"line":173,"column":10}},"30":{"start":{"line":174,"column":27},"end":{"line":174,"column":52}},"31":{"start":{"line":176,"column":21},"end":{"line":183,"column":54}},"32":{"start":{"line":184,"column":19},"end":{"line":184,"column":66}},"33":{"start":{"line":185,"column":17},"end":{"line":185,"column":31}},"34":{"start":{"line":187,"column":4},"end":{"line":187,"column":63}},"35":{"start":{"line":187,"column":15},"end":{"line":187,"column":63}},"36":{"start":{"line":189,"column":4},"end":{"line":189,"column":25}},"37":{"start":{"line":190,"column":4},"end":{"line":190,"column":16}},"38":{"start":{"line":196,"column":17},"end":{"line":202,"column":5}},"39":{"start":{"line":203,"column":17},"end":{"line":203,"column":31}},"40":{"start":{"line":205,"column":4},"end":{"line":205,"column":63}},"41":{"start":{"line":205,"column":15},"end":{"line":205,"column":63}},"42":{"start":{"line":210,"column":0},"end":{"line":210,"column":22}}},"fnMap":{"0":{"name":"(anonymous_0)","decl":{"start":{"line":24,"column":2},"end":{"line":24,"column":3}},"loc":{"start":{"line":24,"column":48},"end":{"line":50,"column":3}},"line":24},"1":{"name":"(anonymous_1)","decl":{"start":{"line":59,"column":2},"end":{"line":59,"column":3}},"loc":{"start":{"line":60,"column":67},"end":{"line":97,"column":3}},"line":60},"2":{"name":"(anonymous_2)","decl":{"start":{"line":104,"column":2},"end":{"line":104,"column":3}},"loc":{"start":{"line":104,"column":25},"end":{"line":116,"column":3}},"line":104},"3":{"name":"(anonymous_3)","decl":{"start":{"line":126,"column":2},"end":{"line":126,"column":3}},"loc":{"start":{"line":126,"column":29},"end":{"line":143,"column":3}},"line":126},"4":{"name":"(anonymous_4)","decl":{"start":{"line":162,"column":2},"end":{"line":162,"column":3}},"loc":{"start":{"line":162,"column":38},"end":{"line":191,"column":3}},"line":162},"5":{"name":"(anonymous_5)","decl":{"start":{"line":195,"column":2},"end":{"line":195,"column":3}},"loc":{"start":{"line":195,"column":32},"end":{"line":206,"column":3}},"line":195}},"branchMap":{"0":{"loc":{"start":{"line":40,"column":4},"end":{"line":47,"column":5}},"type":"if","locations":[{"start":{"line":40,"column":4},"end":{"line":47,"column":5}},{"start":{},"end":{}}],"line":40},"1":{"loc":{"start":{"line":43,"column":6},"end":{"line":46,"column":7}},"type":"if","locations":[{"start":{"line":43,"column":6},"end":{"line":46,"column":7}},{"start":{},"end":{}}],"line":43},"2":{"loc":{"start":{"line":68,"column":4},"end":{"line":70,"column":5}},"type":"if","locations":[{"start":{"line":68,"column":4},"end":{"line":70,"column":5}},{"start":{},"end":{}}],"line":68},"3":{"loc":{"start":{"line":140,"column":4},"end":{"line":140,"column":63}},"type":"if","locations":[{"start":{"line":140,"column":4},"end":{"line":140,"column":63}},{"start":{},"end":{}}],"line":140},"4":{"loc":{"start":{"line":163,"column":4},"end":{"line":165,"column":5}},"type":"if","locations":[{"start":{"line":163,"column":4},"end":{"line":165,"column":5}},{"start":{},"end":{}}],"line":163},"5":{"loc":{"start":{"line":187,"column":4},"end":{"line":187,"column":63}},"type":"if","locations":[{"start":{"line":187,"column":4},"end":{"line":187,"column":63}},{"start":{},"end":{}}],"line":187},"6":{"loc":{"start":{"line":205,"column":4},"end":{"line":205,"column":63}},"type":"if","locations":[{"start":{"line":205,"column":4},"end":{"line":205,"column":63}},{"start":{},"end":{}}],"line":205}},"s":{"0":5,"1":5,"2":5,"3":5,"4":5,"5":7,"6":7,"7":7,"8":4,"9":4,"10":3,"11":3,"12":4,"13":19,"14":19,"15":1,"16":18,"17":18,"18":18,"19":18,"20":2,"21":2,"22":5,"23":5,"24":5,"25":2,"26":3,"27":8,"28":2,"29":8,"30":7,"31":7,"32":7,"33":7,"34":7,"35":2,"36":5,"37":5,"38":5,"39":5,"40":5,"41":2,"42":5},"f":{"0":7,"1":19,"2":2,"3":5,"4":8,"5":5},"b":{"0":[4,3],"1":[3,1],"2":[1,18],"3":[2,3],"4":[2,6],"5":[2,5],"6":[2,3]},"_coverageSchema":"1a1c01bbd47fc00a2c39e90264f33305004495a9","hash":"698e31720f28e5c60edcf230d88d95db1db3b569"}
,"/Users/bills/Downloads/express-jobly/routes/_testCommon.js": {"path":"/Users/bills/Downloads/express-jobly/routes/_testCommon.js","statementMap":{"0":{"start":{"line":3,"column":11},"end":{"line":3,"column":30}},"1":{"start":{"line":4,"column":13},"end":{"line":4,"column":38}},"2":{"start":{"line":5,"column":16},"end":{"line":5,"column":44}},"3":{"start":{"line":6,"column":24},"end":{"line":6,"column":52}},"4":{"start":{"line":10,"column":2},"end":{"line":10,"column":38}},"5":{"start":{"line":12,"column":2},"end":{"line":12,"column":42}},"6":{"start":{"line":14,"column":2},"end":{"line":21,"column":9}},"7":{"start":{"line":22,"column":2},"end":{"line":29,"column":9}},"8":{"start":{"line":30,"column":2},"end":{"line":37,"column":9}},"9":{"start":{"line":39,"column":2},"end":{"line":46,"column":5}},"10":{"start":{"line":47,"column":2},"end":{"line":54,"column":5}},"11":{"start":{"line":55,"column":2},"end":{"line":62,"column":5}},"12":{"start":{"line":63,"column":2},"end":{"line":70,"column":5}},"13":{"start":{"line":74,"column":2},"end":{"line":74,"column":26}},"14":{"start":{"line":78,"column":2},"end":{"line":78,"column":29}},"15":{"start":{"line":82,"column":2},"end":{"line":82,"column":17}},"16":{"start":{"line":86,"column":16},"end":{"line":86,"column":63}},"17":{"start":{"line":87,"column":20},"end":{"line":87,"column":70}},"18":{"start":{"line":90,"column":0},"end":{"line":97,"column":2}}},"fnMap":{"0":{"name":"commonBeforeAll","decl":{"start":{"line":8,"column":15},"end":{"line":8,"column":30}},"loc":{"start":{"line":8,"column":33},"end":{"line":71,"column":1}},"line":8},"1":{"name":"commonBeforeEach","decl":{"start":{"line":73,"column":15},"end":{"line":73,"column":31}},"loc":{"start":{"line":73,"column":34},"end":{"line":75,"column":1}},"line":73},"2":{"name":"commonAfterEach","decl":{"start":{"line":77,"column":15},"end":{"line":77,"column":30}},"loc":{"start":{"line":77,"column":33},"end":{"line":79,"column":1}},"line":77},"3":{"name":"commonAfterAll","decl":{"start":{"line":81,"column":15},"end":{"line":81,"column":29}},"loc":{"start":{"line":81,"column":32},"end":{"line":83,"column":1}},"line":81}},"branchMap":{},"s":{"0":3,"1":3,"2":3,"3":3,"4":3,"5":3,"6":3,"7":3,"8":3,"9":3,"10":3,"11":3,"12":3,"13":59,"14":59,"15":3,"16":3,"17":3,"18":3},"f":{"0":3,"1":59,"2":59,"3":3},"b":{},"_coverageSchema":"1a1c01bbd47fc00a2c39e90264f33305004495a9","hash":"77421821f6f4cab2b0b6dde9cbe00f4ccffe36a9"}
,"/Users/bills/Downloads/express-jobly/routes/auth.js": {"path":"/Users/bills/Downloads/express-jobly/routes/auth.js","statementMap":{"0":{"start":{"line":5,"column":19},"end":{"line":5,"column":40}},"1":{"start":{"line":7,"column":13},"end":{"line":7,"column":38}},"2":{"start":{"line":8,"column":16},"end":{"line":8,"column":34}},"3":{"start":{"line":9,"column":15},"end":{"line":9,"column":35}},"4":{"start":{"line":10,"column":24},"end":{"line":10,"column":52}},"5":{"start":{"line":11,"column":23},"end":{"line":11,"column":58}},"6":{"start":{"line":12,"column":27},"end":{"line":12,"column":66}},"7":{"start":{"line":13,"column":28},"end":{"line":13,"column":54}},"8":{"start":{"line":22,"column":0},"end":{"line":37,"column":3}},"9":{"start":{"line":23,"column":20},"end":{"line":27,"column":3}},"10":{"start":{"line":28,"column":2},"end":{"line":31,"column":3}},"11":{"start":{"line":29,"column":17},"end":{"line":29,"column":51}},"12":{"start":{"line":29,"column":43},"end":{"line":29,"column":50}},"13":{"start":{"line":30,"column":4},"end":{"line":30,"column":36}},"14":{"start":{"line":33,"column":33},"end":{"line":33,"column":41}},"15":{"start":{"line":34,"column":15},"end":{"line":34,"column":58}},"16":{"start":{"line":35,"column":16},"end":{"line":35,"column":33}},"17":{"start":{"line":36,"column":2},"end":{"line":36,"column":29}},"18":{"start":{"line":49,"column":0},"end":{"line":63,"column":3}},"19":{"start":{"line":50,"column":20},"end":{"line":54,"column":3}},"20":{"start":{"line":55,"column":2},"end":{"line":58,"column":3}},"21":{"start":{"line":56,"column":17},"end":{"line":56,"column":51}},"22":{"start":{"line":56,"column":43},"end":{"line":56,"column":50}},"23":{"start":{"line":57,"column":4},"end":{"line":57,"column":36}},"24":{"start":{"line":60,"column":18},"end":{"line":60,"column":70}},"25":{"start":{"line":61,"column":16},"end":{"line":61,"column":36}},"26":{"start":{"line":62,"column":2},"end":{"line":62,"column":41}},"27":{"start":{"line":66,"column":0},"end":{"line":66,"column":24}}},"fnMap":{"0":{"name":"(anonymous_0)","decl":{"start":{"line":22,"column":22},"end":{"line":22,"column":23}},"loc":{"start":{"line":22,"column":54},"end":{"line":37,"column":1}},"line":22},"1":{"name":"(anonymous_1)","decl":{"start":{"line":29,"column":38},"end":{"line":29,"column":39}},"loc":{"start":{"line":29,"column":43},"end":{"line":29,"column":50}},"line":29},"2":{"name":"(anonymous_2)","decl":{"start":{"line":49,"column":25},"end":{"line":49,"column":26}},"loc":{"start":{"line":49,"column":57},"end":{"line":63,"column":1}},"line":49},"3":{"name":"(anonymous_3)","decl":{"start":{"line":56,"column":38},"end":{"line":56,"column":39}},"loc":{"start":{"line":56,"column":43},"end":{"line":56,"column":50}},"line":56}},"branchMap":{"0":{"loc":{"start":{"line":28,"column":2},"end":{"line":31,"column":3}},"type":"if","locations":[{"start":{"line":28,"column":2},"end":{"line":31,"column":3}},{"start":{},"end":{}}],"line":28},"1":{"loc":{"start":{"line":55,"column":2},"end":{"line":58,"column":3}},"type":"if","locations":[{"start":{"line":55,"column":2},"end":{"line":58,"column":3}},{"start":{},"end":{}}],"line":55}},"s":{"0":4,"1":4,"2":4,"3":4,"4":4,"5":4,"6":4,"7":4,"8":4,"9":5,"10":5,"11":2,"12":2,"13":2,"14":3,"15":3,"16":1,"17":1,"18":4,"19":3,"20":3,"21":2,"22":5,"23":2,"24":1,"25":1,"26":1,"27":4},"f":{"0":5,"1":2,"2":3,"3":5},"b":{"0":[2,3],"1":[2,1]},"_coverageSchema":"1a1c01bbd47fc00a2c39e90264f33305004495a9","hash":"b8b7681af4a01b0e93a49aba113e5a5b68155355"}
,"/Users/bills/Downloads/express-jobly/routes/companies.js": {"path":"/Users/bills/Downloads/express-jobly/routes/companies.js","statementMap":{"0":{"start":{"line":5,"column":19},"end":{"line":5,"column":40}},"1":{"start":{"line":6,"column":16},"end":{"line":6,"column":34}},"2":{"start":{"line":8,"column":28},"end":{"line":8,"column":54}},"3":{"start":{"line":9,"column":45},"end":{"line":9,"column":74}},"4":{"start":{"line":10,"column":16},"end":{"line":10,"column":44}},"5":{"start":{"line":12,"column":25},"end":{"line":12,"column":62}},"6":{"start":{"line":13,"column":28},"end":{"line":13,"column":68}},"7":{"start":{"line":14,"column":28},"end":{"line":14,"column":68}},"8":{"start":{"line":16,"column":15},"end":{"line":16,"column":35}},"9":{"start":{"line":28,"column":0},"end":{"line":41,"column":3}},"10":{"start":{"line":29,"column":20},"end":{"line":33,"column":3}},"11":{"start":{"line":34,"column":2},"end":{"line":37,"column":3}},"12":{"start":{"line":35,"column":17},"end":{"line":35,"column":51}},"13":{"start":{"line":35,"column":43},"end":{"line":35,"column":50}},"14":{"start":{"line":36,"column":4},"end":{"line":36,"column":36}},"15":{"start":{"line":39,"column":18},"end":{"line":39,"column":48}},"16":{"start":{"line":40,"column":2},"end":{"line":40,"column":43}},"17":{"start":{"line":54,"column":0},"end":{"line":93,"column":3}},"18":{"start":{"line":56,"column":10},"end":{"line":56,"column":19}},"19":{"start":{"line":58,"column":2},"end":{"line":63,"column":3}},"20":{"start":{"line":59,"column":4},"end":{"line":59,"column":46}},"21":{"start":{"line":60,"column":4},"end":{"line":62,"column":5}},"22":{"start":{"line":61,"column":6},"end":{"line":61,"column":65}},"23":{"start":{"line":65,"column":2},"end":{"line":70,"column":3}},"24":{"start":{"line":66,"column":4},"end":{"line":66,"column":46}},"25":{"start":{"line":67,"column":4},"end":{"line":69,"column":5}},"26":{"start":{"line":68,"column":6},"end":{"line":68,"column":65}},"27":{"start":{"line":71,"column":2},"end":{"line":75,"column":3}},"28":{"start":{"line":72,"column":4},"end":{"line":74,"column":5}},"29":{"start":{"line":73,"column":6},"end":{"line":73,"column":79}},"30":{"start":{"line":77,"column":20},"end":{"line":81,"column":3}},"31":{"start":{"line":83,"column":2},"end":{"line":87,"column":3}},"32":{"start":{"line":84,"column":4},"end":{"line":84,"column":29}},"33":{"start":{"line":85,"column":17},"end":{"line":85,"column":51}},"34":{"start":{"line":85,"column":43},"end":{"line":85,"column":50}},"35":{"start":{"line":86,"column":4},"end":{"line":86,"column":36}},"36":{"start":{"line":89,"column":2},"end":{"line":89,"column":39}},"37":{"start":{"line":92,"column":2},"end":{"line":92,"column":33}},"38":{"start":{"line":103,"column":0},"end":{"line":106,"column":3}},"39":{"start":{"line":104,"column":18},"end":{"line":104,"column":54}},"40":{"start":{"line":105,"column":2},"end":{"line":105,"column":31}},"41":{"start":{"line":119,"column":0},"end":{"line":132,"column":3}},"42":{"start":{"line":120,"column":20},"end":{"line":124,"column":3}},"43":{"start":{"line":125,"column":2},"end":{"line":128,"column":3}},"44":{"start":{"line":126,"column":17},"end":{"line":126,"column":51}},"45":{"start":{"line":126,"column":43},"end":{"line":126,"column":50}},"46":{"start":{"line":127,"column":4},"end":{"line":127,"column":36}},"47":{"start":{"line":130,"column":18},"end":{"line":130,"column":67}},"48":{"start":{"line":131,"column":2},"end":{"line":131,"column":31}},"49":{"start":{"line":139,"column":0},"end":{"line":142,"column":3}},"50":{"start":{"line":140,"column":2},"end":{"line":140,"column":42}},"51":{"start":{"line":141,"column":2},"end":{"line":141,"column":50}},"52":{"start":{"line":145,"column":0},"end":{"line":145,"column":24}}},"fnMap":{"0":{"name":"(anonymous_0)","decl":{"start":{"line":28,"column":51},"end":{"line":28,"column":52}},"loc":{"start":{"line":28,"column":83},"end":{"line":41,"column":1}},"line":28},"1":{"name":"(anonymous_1)","decl":{"start":{"line":35,"column":38},"end":{"line":35,"column":39}},"loc":{"start":{"line":35,"column":43},"end":{"line":35,"column":50}},"line":35},"2":{"name":"(anonymous_2)","decl":{"start":{"line":54,"column":16},"end":{"line":54,"column":17}},"loc":{"start":{"line":54,"column":48},"end":{"line":93,"column":1}},"line":54},"3":{"name":"(anonymous_3)","decl":{"start":{"line":85,"column":38},"end":{"line":85,"column":39}},"loc":{"start":{"line":85,"column":43},"end":{"line":85,"column":50}},"line":85},"4":{"name":"(anonymous_4)","decl":{"start":{"line":103,"column":23},"end":{"line":103,"column":24}},"loc":{"start":{"line":103,"column":55},"end":{"line":106,"column":1}},"line":103},"5":{"name":"(anonymous_5)","decl":{"start":{"line":119,"column":59},"end":{"line":119,"column":60}},"loc":{"start":{"line":119,"column":91},"end":{"line":132,"column":1}},"line":119},"6":{"name":"(anonymous_6)","decl":{"start":{"line":126,"column":38},"end":{"line":126,"column":39}},"loc":{"start":{"line":126,"column":43},"end":{"line":126,"column":50}},"line":126},"7":{"name":"(anonymous_7)","decl":{"start":{"line":139,"column":60},"end":{"line":139,"column":61}},"loc":{"start":{"line":139,"column":92},"end":{"line":142,"column":1}},"line":139}},"branchMap":{"0":{"loc":{"start":{"line":34,"column":2},"end":{"line":37,"column":3}},"type":"if","locations":[{"start":{"line":34,"column":2},"end":{"line":37,"column":3}},{"start":{},"end":{}}],"line":34},"1":{"loc":{"start":{"line":58,"column":2},"end":{"line":63,"column":3}},"type":"if","locations":[{"start":{"line":58,"column":2},"end":{"line":63,"column":3}},{"start":{},"end":{}}],"line":58},"2":{"loc":{"start":{"line":60,"column":4},"end":{"line":62,"column":5}},"type":"if","locations":[{"start":{"line":60,"column":4},"end":{"line":62,"column":5}},{"start":{},"end":{}}],"line":60},"3":{"loc":{"start":{"line":65,"column":2},"end":{"line":70,"column":3}},"type":"if","locations":[{"start":{"line":65,"column":2},"end":{"line":70,"column":3}},{"start":{},"end":{}}],"line":65},"4":{"loc":{"start":{"line":67,"column":4},"end":{"line":69,"column":5}},"type":"if","locations":[{"start":{"line":67,"column":4},"end":{"line":69,"column":5}},{"start":{},"end":{}}],"line":67},"5":{"loc":{"start":{"line":71,"column":2},"end":{"line":75,"column":3}},"type":"if","locations":[{"start":{"line":71,"column":2},"end":{"line":75,"column":3}},{"start":{},"end":{}}],"line":71},"6":{"loc":{"start":{"line":71,"column":5},"end":{"line":71,"column":37}},"type":"binary-expr","locations":[{"start":{"line":71,"column":5},"end":{"line":71,"column":19}},{"start":{"line":71,"column":23},"end":{"line":71,"column":37}}],"line":71},"7":{"loc":{"start":{"line":72,"column":4},"end":{"line":74,"column":5}},"type":"if","locations":[{"start":{"line":72,"column":4},"end":{"line":74,"column":5}},{"start":{},"end":{}}],"line":72},"8":{"loc":{"start":{"line":83,"column":2},"end":{"line":87,"column":3}},"type":"if","locations":[{"start":{"line":83,"column":2},"end":{"line":87,"column":3}},{"start":{},"end":{}}],"line":83},"9":{"loc":{"start":{"line":125,"column":2},"end":{"line":128,"column":3}},"type":"if","locations":[{"start":{"line":125,"column":2},"end":{"line":128,"column":3}},{"start":{},"end":{}}],"line":125}},"s":{"0":4,"1":4,"2":4,"3":4,"4":4,"5":4,"6":4,"7":4,"8":4,"9":4,"10":3,"11":3,"12":2,"13":3,"14":2,"15":1,"16":1,"17":4,"18":8,"19":8,"20":3,"21":3,"22":1,"23":7,"24":2,"25":2,"26":1,"27":6,"28":1,"29":1,"30":5,"31":5,"32":1,"33":1,"34":1,"35":1,"36":4,"37":3,"38":4,"39":3,"40":2,"41":4,"42":4,"43":4,"44":2,"45":2,"46":2,"47":2,"48":1,"49":4,"50":2,"51":1,"52":4},"f":{"0":3,"1":3,"2":8,"3":1,"4":3,"5":4,"6":2,"7":2},"b":{"0":[2,1],"1":[3,5],"2":[1,2],"3":[2,5],"4":[1,1],"5":[1,5],"6":[6,2],"7":[1,0],"8":[1,4],"9":[2,2]},"_coverageSchema":"1a1c01bbd47fc00a2c39e90264f33305004495a9","hash":"85206f5cc60c17883ff86020ecda3a677b7befd1"}
,"/Users/bills/Downloads/express-jobly/routes/users.js": {"path":"/Users/bills/Downloads/express-jobly/routes/users.js","statementMap":{"0":{"start":{"line":5,"column":19},"end":{"line":5,"column":40}},"1":{"start":{"line":7,"column":16},"end":{"line":7,"column":34}},"2":{"start":{"line":8,"column":64},"end":{"line":8,"column":93}},"3":{"start":{"line":9,"column":28},"end":{"line":9,"column":54}},"4":{"start":{"line":10,"column":13},"end":{"line":10,"column":38}},"5":{"start":{"line":11,"column":24},"end":{"line":11,"column":52}},"6":{"start":{"line":12,"column":22},"end":{"line":12,"column":56}},"7":{"start":{"line":13,"column":25},"end":{"line":13,"column":62}},"8":{"start":{"line":15,"column":15},"end":{"line":15,"column":31}},"9":{"start":{"line":31,"column":0},"end":{"line":47,"column":3}},"10":{"start":{"line":34,"column":20},"end":{"line":38,"column":3}},"11":{"start":{"line":39,"column":2},"end":{"line":42,"column":3}},"12":{"start":{"line":40,"column":17},"end":{"line":40,"column":51}},"13":{"start":{"line":40,"column":43},"end":{"line":40,"column":50}},"14":{"start":{"line":41,"column":4},"end":{"line":41,"column":36}},"15":{"start":{"line":44,"column":15},"end":{"line":44,"column":44}},"16":{"start":{"line":45,"column":16},"end":{"line":45,"column":33}},"17":{"start":{"line":46,"column":2},"end":{"line":46,"column":47}},"18":{"start":{"line":58,"column":0},"end":{"line":62,"column":3}},"19":{"start":{"line":60,"column":16},"end":{"line":60,"column":36}},"20":{"start":{"line":61,"column":2},"end":{"line":61,"column":29}},"21":{"start":{"line":73,"column":0},"end":{"line":77,"column":3}},"22":{"start":{"line":75,"column":15},"end":{"line":75,"column":50}},"23":{"start":{"line":76,"column":2},"end":{"line":76,"column":28}},"24":{"start":{"line":91,"column":0},"end":{"line":105,"column":3}},"25":{"start":{"line":93,"column":20},"end":{"line":97,"column":3}},"26":{"start":{"line":98,"column":2},"end":{"line":101,"column":3}},"27":{"start":{"line":99,"column":17},"end":{"line":99,"column":51}},"28":{"start":{"line":99,"column":43},"end":{"line":99,"column":50}},"29":{"start":{"line":100,"column":4},"end":{"line":100,"column":36}},"30":{"start":{"line":103,"column":15},"end":{"line":103,"column":63}},"31":{"start":{"line":104,"column":2},"end":{"line":104,"column":28}},"32":{"start":{"line":114,"column":0},"end":{"line":118,"column":3}},"33":{"start":{"line":116,"column":2},"end":{"line":116,"column":41}},"34":{"start":{"line":117,"column":2},"end":{"line":117,"column":52}},"35":{"start":{"line":121,"column":0},"end":{"line":121,"column":24}}},"fnMap":{"0":{"name":"(anonymous_0)","decl":{"start":{"line":32,"column":2},"end":{"line":32,"column":3}},"loc":{"start":{"line":32,"column":34},"end":{"line":47,"column":1}},"line":32},"1":{"name":"(anonymous_1)","decl":{"start":{"line":40,"column":38},"end":{"line":40,"column":39}},"loc":{"start":{"line":40,"column":43},"end":{"line":40,"column":50}},"line":40},"2":{"name":"(anonymous_2)","decl":{"start":{"line":59,"column":2},"end":{"line":59,"column":3}},"loc":{"start":{"line":59,"column":34},"end":{"line":62,"column":1}},"line":59},"3":{"name":"(anonymous_3)","decl":{"start":{"line":74,"column":2},"end":{"line":74,"column":3}},"loc":{"start":{"line":74,"column":34},"end":{"line":77,"column":1}},"line":74},"4":{"name":"(anonymous_4)","decl":{"start":{"line":92,"column":0},"end":{"line":92,"column":1}},"loc":{"start":{"line":92,"column":32},"end":{"line":105,"column":1}},"line":92},"5":{"name":"(anonymous_5)","decl":{"start":{"line":99,"column":38},"end":{"line":99,"column":39}},"loc":{"start":{"line":99,"column":43},"end":{"line":99,"column":50}},"line":99},"6":{"name":"(anonymous_6)","decl":{"start":{"line":115,"column":1},"end":{"line":115,"column":2}},"loc":{"start":{"line":115,"column":33},"end":{"line":118,"column":1}},"line":115}},"branchMap":{"0":{"loc":{"start":{"line":39,"column":2},"end":{"line":42,"column":3}},"type":"if","locations":[{"start":{"line":39,"column":2},"end":{"line":42,"column":3}},{"start":{},"end":{}}],"line":39},"1":{"loc":{"start":{"line":98,"column":2},"end":{"line":101,"column":3}},"type":"if","locations":[{"start":{"line":98,"column":2},"end":{"line":101,"column":3}},{"start":{},"end":{}}],"line":98}},"s":{"0":4,"1":4,"2":4,"3":4,"4":4,"5":4,"6":4,"7":4,"8":4,"9":4,"10":4,"11":4,"12":2,"13":5,"14":2,"15":2,"16":2,"17":2,"18":4,"19":1,"20":1,"21":4,"22":3,"23":2,"24":4,"25":5,"26":5,"27":1,"28":1,"29":1,"30":4,"31":3,"32":4,"33":3,"34":2,"35":4},"f":{"0":4,"1":5,"2":1,"3":3,"4":5,"5":1,"6":3},"b":{"0":[2,2],"1":[1,4]},"_coverageSchema":"1a1c01bbd47fc00a2c39e90264f33305004495a9","hash":"534da35f8c172d8683f4b92dfffd35900e572b19"}
}
