TN:
SF:app.js
FN:30,(anonymous_0)
FN:35,(anonymous_1)
FNF:2
FNH:2
FNDA:2,(anonymous_0)
FNDA:41,(anonymous_1)
DA:5,4
DA:6,4
DA:8,4
DA:10,4
DA:11,4
DA:12,4
DA:13,4
DA:15,4
DA:17,4
DA:19,4
DA:20,4
DA:21,4
DA:22,4
DA:24,4
DA:25,4
DA:26,4
DA:30,4
DA:31,2
DA:35,4
DA:36,41
DA:37,41
DA:38,41
DA:40,41
DA:45,4
LF:24
LH:24
BRDA:36,0,0,1
BRDA:36,0,1,40
BRDA:37,1,0,41
BRDA:37,1,1,1
BRF:4
BRH:4
end_of_record
TN:
SF:config.js
FN:13,getDatabaseUri
FNF:1
FNH:1
FNDA:18,getDatabaseUri
DA:5,9
DA:6,9
DA:8,9
DA:10,9
DA:14,18
DA:22,9
DA:24,9
DA:25,9
DA:26,9
DA:27,9
DA:28,9
DA:29,9
DA:31,9
LF:13
LH:13
BRDA:8,0,0,9
BRDA:8,0,1,8
BRDA:10,1,0,9
BRDA:10,1,1,8
BRDA:14,2,0,15
BRDA:14,2,1,3
BRDA:16,3,0,3
BRDA:16,3,1,1
BRDA:22,4,0,8
BRDA:22,4,1,1
BRF:10
BRH:10
end_of_record
TN:
SF:db.js
FNF:0
FNH:0
DA:5,6
DA:6,6
DA:8,6
DA:12,6
DA:14,6
LF:5
LH:5
BRF:0
BRH:0
end_of_record
TN:
SF:expressError.js
FN:8,(anonymous_0)
FN:18,(anonymous_1)
FN:26,(anonymous_2)
FN:34,(anonymous_3)
FN:42,(anonymous_4)
FNF:5
FNH:4
FNDA:54,(anonymous_0)
FNDA:14,(anonymous_1)
FNDA:20,(anonymous_2)
FNDA:20,(anonymous_3)
FNDA:0,(anonymous_4)
DA:9,54
DA:10,54
DA:11,54
DA:19,14
DA:27,20
DA:35,20
DA:43,0
DA:47,8
LF:8
LH:7
BRDA:18,0,0,2
BRDA:26,1,0,16
BRDA:34,2,0,0
BRDA:42,3,0,0
BRF:4
BRH:2
end_of_record
TN:
SF:helpers/sql.js
FN:9,sqlForPartialUpdate
FN:14,(anonymous_1)
FNF:2
FNH:2
FNDA:16,sqlForPartialUpdate
FNDA:26,(anonymous_1)
DA:1,7
DA:10,16
DA:11,16
DA:14,13
DA:15,26
DA:18,13
DA:24,7
LF:7
LH:7
BRDA:11,0,0,3
BRDA:11,0,1,13
BRDA:15,1,0,26
BRDA:15,1,1,12
BRF:4
BRH:4
end_of_record
TN:
SF:helpers/tokens.js
FN:6,createToken
FNF:1
FNH:1
FNDA:13,createToken
DA:1,5
DA:2,5
DA:7,13
DA:10,13
DA:15,13
DA:18,5
LF:6
LH:6
BRDA:12,0,0,13
BRDA:12,0,1,8
BRF:2
BRH:2
end_of_record
TN:
SF:middleware/auth.js
FN:18,authenticateJWT
FN:36,ensureLoggedIn
FN:52,ensureAdmin
FN:62,ensureCorrectUserOrAdmin
FNF:4
FNH:4
FNDA:64,authenticateJWT
FNDA:2,ensureLoggedIn
FNDA:24,ensureAdmin
FNDA:16,ensureCorrectUserOrAdmin
DA:5,5
DA:6,5
DA:7,5
DA:19,64
DA:20,64
DA:21,64
DA:22,36
DA:23,36
DA:25,63
DA:27,1
DA:37,2
DA:38,2
DA:39,2
DA:40,1
DA:42,1
DA:53,24
DA:54,24
DA:55,14
DA:57,10
DA:63,16
DA:64,16
DA:65,16
DA:66,5
DA:69,11
DA:71,5
DA:76,5
LF:26
LH:26
BRDA:20,0,0,64
BRDA:20,0,1,63
BRDA:21,1,0,36
BRDA:21,1,1,28
BRDA:39,2,0,1
BRDA:39,2,1,1
BRDA:54,3,0,10
BRDA:54,3,1,14
BRDA:54,4,0,24
BRDA:54,4,1,20
BRDA:65,5,0,5
BRDA:65,5,1,11
BRDA:65,6,0,16
BRDA:65,6,1,13
BRDA:65,6,2,7
BRF:15
BRH:15
end_of_record
TN:
SF:models/_testCommon.js
FN:6,commonBeforeAll
FN:36,commonBeforeEach
FN:40,commonAfterEach
FN:44,commonAfterAll
FNF:4
FNH:4
FNDA:2,commonBeforeAll
FNDA:30,commonBeforeEach
FNDA:30,commonAfterEach
FNDA:2,commonAfterAll
DA:1,2
DA:3,2
DA:4,2
DA:8,2
DA:10,2
DA:12,2
DA:18,2
DA:37,30
DA:41,30
DA:45,2
DA:49,2
LF:11
LH:11
BRF:0
BRH:0
end_of_record
TN:
SF:models/company.js
FN:19,(anonymous_0)
FN:60,(anonymous_1)
FN:106,(anonymous_2)
FN:130,(anonymous_3)
FN:160,(anonymous_4)
FN:187,(anonymous_5)
FNF:6
FNH:6
FNDA:13,(anonymous_0)
FNDA:9,(anonymous_1)
FNDA:7,(anonymous_2)
FNDA:5,(anonymous_3)
FNDA:6,(anonymous_4)
FNDA:4,(anonymous_5)
DA:3,5
DA:4,5
DA:5,5
DA:20,13
DA:26,13
DA:27,1
DA:29,12
DA:47,12
DA:49,12
DA:65,9
DA:67,9
DA:68,9
DA:70,9
DA:71,4
DA:74,9
DA:75,5
DA:76,5
DA:78,9
DA:79,3
DA:80,3
DA:82,3
DA:83,3
DA:85,9
DA:86,1
DA:87,1
DA:89,1
DA:92,9
DA:93,5
DA:96,9
DA:108,7
DA:110,7
DA:119,6
DA:131,5
DA:141,5
DA:143,5
DA:145,3
DA:161,6
DA:167,5
DA:169,5
DA:174,5
DA:175,5
DA:177,5
DA:179,3
DA:188,4
DA:194,4
DA:196,4
DA:201,5
LF:47
LH:47
BRDA:26,0,0,1
BRDA:26,0,1,12
BRDA:70,1,0,4
BRDA:70,1,1,5
BRDA:70,2,0,9
BRDA:70,2,1,4
BRDA:70,2,2,4
BRDA:74,3,0,5
BRDA:74,3,1,4
BRDA:78,4,0,3
BRDA:78,4,1,6
BRDA:79,5,0,3
BRDA:79,5,1,0
BRDA:85,6,0,1
BRDA:85,6,1,8
BRDA:86,7,0,1
BRDA:86,7,1,0
BRDA:92,8,0,5
BRDA:92,8,1,4
BRDA:143,9,0,2
BRDA:143,9,1,3
BRDA:177,10,0,2
BRDA:177,10,1,3
BRDA:196,11,0,2
BRDA:196,11,1,2
BRF:25
BRH:23
end_of_record
TN:
SF:models/user.js
FN:24,(anonymous_0)
FN:59,(anonymous_1)
FN:104,(anonymous_2)
FN:126,(anonymous_3)
FN:162,(anonymous_4)
FN:195,(anonymous_5)
FNF:6
FNH:6
FNDA:7,(anonymous_0)
FNDA:19,(anonymous_1)
FNDA:2,(anonymous_2)
FNDA:5,(anonymous_3)
FNDA:8,(anonymous_4)
FNDA:5,(anonymous_5)
DA:3,5
DA:4,5
DA:5,5
DA:10,5
DA:12,5
DA:26,7
DA:38,7
DA:40,7
DA:42,4
DA:43,4
DA:44,3
DA:45,3
DA:49,4
DA:61,19
DA:68,19
DA:69,1
DA:72,18
DA:74,18
DA:94,18
DA:96,18
DA:105,2
DA:115,2
DA:127,5
DA:138,5
DA:140,5
DA:142,3
DA:163,8
DA:164,2
DA:167,8
DA:174,7
DA:176,7
DA:184,7
DA:185,7
DA:187,7
DA:189,5
DA:190,5
DA:196,5
DA:203,5
DA:205,5
DA:210,5
LF:40
LH:40
BRDA:40,0,0,4
BRDA:40,0,1,3
BRDA:43,1,0,3
BRDA:43,1,1,1
BRDA:68,2,0,1
BRDA:68,2,1,18
BRDA:140,3,0,2
BRDA:140,3,1,3
BRDA:163,4,0,2
BRDA:163,4,1,6
BRDA:187,5,0,2
BRDA:187,5,1,5
BRDA:205,6,0,2
BRDA:205,6,1,3
BRF:14
BRH:14
end_of_record
TN:
SF:routes/_testCommon.js
FN:8,commonBeforeAll
FN:73,commonBeforeEach
FN:77,commonAfterEach
FN:81,commonAfterAll
FNF:4
FNH:4
FNDA:3,commonBeforeAll
FNDA:59,commonBeforeEach
FNDA:59,commonAfterEach
FNDA:3,commonAfterAll
DA:3,3
DA:4,3
DA:5,3
DA:6,3
DA:10,3
DA:12,3
DA:14,3
DA:22,3
DA:30,3
DA:39,3
DA:47,3
DA:55,3
DA:63,3
DA:74,59
DA:78,59
DA:82,3
DA:86,3
DA:87,3
DA:90,3
LF:19
LH:19
BRF:0
BRH:0
end_of_record
TN:
SF:routes/auth.js
FN:22,(anonymous_0)
FN:29,(anonymous_1)
FN:49,(anonymous_2)
FN:56,(anonymous_3)
FNF:4
FNH:4
FNDA:5,(anonymous_0)
FNDA:2,(anonymous_1)
FNDA:3,(anonymous_2)
FNDA:5,(anonymous_3)
DA:5,4
DA:7,4
DA:8,4
DA:9,4
DA:10,4
DA:11,4
DA:12,4
DA:13,4
DA:22,4
DA:23,5
DA:28,5
DA:29,2
DA:30,2
DA:33,3
DA:34,3
DA:35,1
DA:36,1
DA:49,4
DA:50,3
DA:55,3
DA:56,5
DA:57,2
DA:60,1
DA:61,1
DA:62,1
DA:66,4
LF:26
LH:26
BRDA:28,0,0,2
BRDA:28,0,1,3
BRDA:55,1,0,2
BRDA:55,1,1,1
BRF:4
BRH:4
end_of_record
TN:
SF:routes/companies.js
FN:28,(anonymous_0)
FN:35,(anonymous_1)
FN:54,(anonymous_2)
FN:80,(anonymous_3)
FN:97,(anonymous_4)
FN:113,(anonymous_5)
FN:120,(anonymous_6)
FN:133,(anonymous_7)
FNF:8
FNH:8
FNDA:3,(anonymous_0)
FNDA:3,(anonymous_1)
FNDA:8,(anonymous_2)
FNDA:3,(anonymous_3)
FNDA:3,(anonymous_4)
FNDA:4,(anonymous_5)
FNDA:2,(anonymous_6)
FNDA:2,(anonymous_7)
DA:5,4
DA:6,4
DA:8,4
DA:9,4
DA:10,4
DA:12,4
DA:13,4
DA:14,4
DA:16,4
DA:28,4
DA:29,3
DA:34,3
DA:35,3
DA:36,2
DA:39,1
DA:40,1
DA:54,4
DA:56,8
DA:58,8
DA:59,3
DA:62,8
DA:63,3
DA:66,8
DA:67,1
DA:68,1
DA:72,7
DA:78,7
DA:79,3
DA:80,3
DA:81,3
DA:84,4
DA:86,3
DA:97,4
DA:98,3
DA:99,2
DA:113,4
DA:114,4
DA:119,4
DA:120,2
DA:121,2
DA:124,2
DA:125,1
DA:133,4
DA:134,2
DA:135,1
DA:139,4
LF:46
LH:46
BRDA:34,0,0,2
BRDA:34,0,1,1
BRDA:58,1,0,3
BRDA:58,1,1,5
BRDA:62,2,0,3
BRDA:62,2,1,5
BRDA:66,3,0,1
BRDA:66,3,1,7
BRDA:66,4,0,8
BRDA:66,4,1,2
BRDA:67,5,0,1
BRDA:67,5,1,0
BRDA:78,6,0,3
BRDA:78,6,1,4
BRDA:119,7,0,2
BRDA:119,7,1,2
BRF:16
BRH:15
end_of_record
TN:
SF:routes/users.js
FN:31,(anonymous_0)
FN:39,(anonymous_1)
FN:57,(anonymous_2)
FN:72,(anonymous_3)
FN:90,(anonymous_4)
FN:97,(anonymous_5)
FN:113,(anonymous_6)
FNF:7
FNH:7
FNDA:4,(anonymous_0)
FNDA:5,(anonymous_1)
FNDA:1,(anonymous_2)
FNDA:3,(anonymous_3)
FNDA:5,(anonymous_4)
FNDA:1,(anonymous_5)
FNDA:3,(anonymous_6)
DA:5,4
DA:7,4
DA:8,4
DA:9,4
DA:10,4
DA:11,4
DA:12,4
DA:13,4
DA:15,4
DA:30,4
DA:33,4
DA:38,4
DA:39,5
DA:40,2
DA:43,2
DA:44,2
DA:45,2
DA:56,4
DA:58,1
DA:59,1
DA:71,4
DA:73,3
DA:74,2
DA:89,4
DA:91,5
DA:96,5
DA:97,1
DA:98,1
DA:101,4
DA:102,3
DA:112,4
DA:114,3
DA:115,2
DA:119,4
LF:34
LH:34
BRDA:38,0,0,2
BRDA:38,0,1,2
BRDA:96,1,0,1
BRDA:96,1,1,4
BRF:4
BRH:4
end_of_record
