TN:
SF:app.js
FN:32,(anonymous_0)
FN:37,(anonymous_1)
FNF:2
FNH:2
FNDA:2,(anonymous_0)
FNDA:56,(anonymous_1)
DA:5,5
DA:6,5
DA:8,5
DA:10,5
DA:11,5
DA:12,5
DA:13,5
DA:14,5
DA:16,5
DA:18,5
DA:20,5
DA:21,5
DA:22,5
DA:23,5
DA:25,5
DA:26,5
DA:27,5
DA:28,5
DA:32,5
DA:33,2
DA:37,5
DA:38,56
DA:39,56
DA:40,56
DA:42,56
DA:47,5
LF:26
LH:26
BRDA:38,0,0,1
BRDA:38,0,1,55
BRDA:39,1,0,56
BRDA:39,1,1,2
BRF:4
BRH:4
end_of_record
TN:
SF:config.js
FN:13,getDatabaseUri
FNF:1
FNH:1
FNDA:22,getDatabaseUri
DA:5,11
DA:6,11
DA:8,11
DA:10,11
DA:14,22
DA:22,11
DA:24,11
DA:25,11
DA:26,11
DA:27,11
DA:28,11
DA:29,11
DA:31,11
LF:13
LH:13
BRDA:8,0,0,11
BRDA:8,0,1,10
BRDA:10,1,0,11
BRDA:10,1,1,10
BRDA:14,2,0,19
BRDA:14,2,1,3
BRDA:16,3,0,3
BRDA:16,3,1,1
BRDA:22,4,0,10
BRDA:22,4,1,1
BRF:10
BRH:10
end_of_record
TN:
SF:db.js
FNF:0
FNH:0
DA:5,8
DA:10,8
DA:12,8
DA:16,8
DA:18,8
LF:5
LH:5
BRF:0
BRH:0
end_of_record
TN:
SF:expressError.js
FN:8,(anonymous_0)
FN:18,(anonymous_1)
FN:26,(anonymous_2)
FN:34,(anonymous_3)
FN:42,(anonymous_4)
FNF:5
FNH:4
FNDA:72,(anonymous_0)
FNDA:20,(anonymous_1)
FNDA:25,(anonymous_2)
FNDA:27,(anonymous_3)
FNDA:0,(anonymous_4)
DA:9,72
DA:10,72
DA:11,72
DA:19,20
DA:27,25
DA:35,27
DA:43,0
DA:47,10
LF:8
LH:7
BRDA:18,0,0,2
BRDA:26,1,0,21
BRDA:34,2,0,0
BRDA:42,3,0,0
BRF:4
BRH:2
end_of_record
TN:
SF:helpers/sql.js
FN:9,sqlForPartialUpdate
FN:14,(anonymous_1)
FNF:2
FNH:2
FNDA:22,sqlForPartialUpdate
FNDA:37,(anonymous_1)
DA:1,9
DA:10,22
DA:11,22
DA:14,18
DA:15,37
DA:18,18
DA:24,9
LF:7
LH:7
BRDA:11,0,0,4
BRDA:11,0,1,18
BRDA:15,1,0,37
BRDA:15,1,1,23
BRF:4
BRH:4
end_of_record
TN:
SF:helpers/tokens.js
FN:6,createToken
FNF:1
FNH:1
FNDA:15,createToken
DA:1,6
DA:2,6
DA:7,15
DA:10,15
DA:15,15
DA:18,6
LF:6
LH:6
BRDA:12,0,0,15
BRDA:12,0,1,9
BRF:2
BRH:2
end_of_record
TN:
SF:middleware/auth.js
FN:18,authenticateJWT
FN:36,ensureLoggedIn
FN:52,ensureAdmin
FN:62,ensureCorrectUserOrAdmin
FNF:4
FNH:4
FNDA:86,authenticateJWT
FNDA:2,ensureLoggedIn
FNDA:38,ensureAdmin
FNDA:16,ensureCorrectUserOrAdmin
DA:5,6
DA:6,6
DA:7,6
DA:19,86
DA:20,86
DA:21,86
DA:22,49
DA:23,49
DA:25,85
DA:27,1
DA:37,2
DA:38,2
DA:39,2
DA:40,1
DA:42,1
DA:53,38
DA:54,38
DA:55,23
DA:57,15
DA:63,16
DA:64,16
DA:65,16
DA:66,5
DA:69,11
DA:71,5
DA:76,6
LF:26
LH:26
BRDA:20,0,0,86
BRDA:20,0,1,85
BRDA:21,1,0,49
BRDA:21,1,1,37
BRDA:39,2,0,1
BRDA:39,2,1,1
BRDA:54,3,0,15
BRDA:54,3,1,23
BRDA:54,4,0,38
BRDA:54,4,1,32
BRDA:65,5,0,5
BRDA:65,5,1,11
BRDA:65,6,0,16
BRDA:65,6,1,13
BRDA:65,6,2,7
BRF:15
BRH:15
end_of_record
TN:
SF:models/_testCommon.js
FN:10,commonBeforeAll
FN:52,commonBeforeEach
FN:56,commonAfterEach
FN:60,commonAfterAll
FNF:4
FNH:4
FNDA:3,commonBeforeAll
FNDA:45,commonBeforeEach
FNDA:45,commonAfterEach
FNDA:3,commonAfterAll
DA:3,3
DA:5,3
DA:6,3
DA:8,3
DA:12,3
DA:14,3
DA:16,3
DA:18,3
DA:24,3
DA:31,3
DA:45,3
DA:46,3
DA:53,45
DA:57,45
DA:61,3
DA:66,3
LF:16
LH:16
BRF:0
BRH:0
end_of_record
TN:
SF:models/company.js
FN:19,(anonymous_0)
FN:60,(anonymous_1)
FN:106,(anonymous_2)
FN:130,(anonymous_3)
FN:168,(anonymous_4)
FN:195,(anonymous_5)
FNF:6
FNH:6
FNDA:16,(anonymous_0)
FNDA:9,(anonymous_1)
FNDA:7,(anonymous_2)
FNDA:5,(anonymous_3)
FNDA:6,(anonymous_4)
FNDA:4,(anonymous_5)
DA:3,6
DA:4,6
DA:5,6
DA:20,16
DA:26,16
DA:27,1
DA:29,15
DA:47,15
DA:49,15
DA:65,9
DA:67,9
DA:68,9
DA:70,9
DA:71,4
DA:74,9
DA:75,5
DA:76,5
DA:78,9
DA:79,3
DA:80,3
DA:82,3
DA:83,3
DA:85,9
DA:86,1
DA:87,1
DA:89,1
DA:92,9
DA:93,5
DA:96,9
DA:108,7
DA:110,7
DA:119,6
DA:131,5
DA:141,5
DA:143,5
DA:145,3
DA:151,3
DA:153,3
DA:169,6
DA:175,5
DA:177,5
DA:182,5
DA:183,5
DA:185,5
DA:187,3
DA:196,4
DA:202,4
DA:204,4
DA:209,6
LF:49
LH:49
BRDA:26,0,0,1
BRDA:26,0,1,15
BRDA:70,1,0,4
BRDA:70,1,1,5
BRDA:70,2,0,9
BRDA:70,2,1,4
BRDA:70,2,2,4
BRDA:74,3,0,5
BRDA:74,3,1,4
BRDA:78,4,0,3
BRDA:78,4,1,6
BRDA:79,5,0,3
BRDA:79,5,1,0
BRDA:85,6,0,1
BRDA:85,6,1,8
BRDA:86,7,0,1
BRDA:86,7,1,0
BRDA:92,8,0,5
BRDA:92,8,1,4
BRDA:143,9,0,2
BRDA:143,9,1,3
BRDA:185,10,0,2
BRDA:185,10,1,3
BRDA:204,11,0,2
BRDA:204,11,1,2
BRF:25
BRH:23
end_of_record
TN:
SF:models/job.js
FN:18,(anonymous_0)
FN:57,(anonymous_1)
FN:92,(anonymous_2)
FN:115,(anonymous_3)
FN:144,(anonymous_4)
FN:166,(anonymous_5)
FNF:6
FNH:6
FNDA:14,(anonymous_0)
FNDA:10,(anonymous_1)
FNDA:8,(anonymous_2)
FNDA:4,(anonymous_3)
FNDA:6,(anonymous_4)
FNDA:4,(anonymous_5)
DA:3,6
DA:4,6
DA:5,6
DA:28,14
DA:44,14
DA:46,14
DA:59,10
DA:60,10
DA:61,10
DA:63,10
DA:64,5
DA:65,5
DA:68,10
DA:69,2
DA:70,2
DA:73,10
DA:74,3
DA:77,10
DA:81,10
DA:94,8
DA:96,8
DA:104,7
DA:116,4
DA:125,4
DA:127,4
DA:129,2
DA:145,6
DA:146,5
DA:148,5
DA:153,5
DA:154,5
DA:156,5
DA:158,3
DA:167,4
DA:173,4
DA:175,4
DA:180,6
LF:37
LH:37
BRDA:63,0,0,5
BRDA:63,0,1,5
BRDA:68,1,0,2
BRDA:68,1,1,8
BRDA:73,2,0,3
BRDA:73,2,1,7
BRDA:77,3,0,6
BRDA:77,3,1,4
BRDA:127,4,0,2
BRDA:127,4,1,2
BRDA:156,5,0,2
BRDA:156,5,1,3
BRDA:175,6,0,2
BRDA:175,6,1,2
BRF:14
BRH:14
end_of_record
TN:
SF:models/user.js
FN:24,(anonymous_0)
FN:59,(anonymous_1)
FN:104,(anonymous_2)
FN:126,(anonymous_3)
FN:162,(anonymous_4)
FN:195,(anonymous_5)
FNF:6
FNH:6
FNDA:7,(anonymous_0)
FNDA:23,(anonymous_1)
FNDA:2,(anonymous_2)
FNDA:5,(anonymous_3)
FNDA:8,(anonymous_4)
FNDA:5,(anonymous_5)
DA:3,6
DA:4,6
DA:5,6
DA:10,6
DA:12,6
DA:26,7
DA:38,7
DA:40,7
DA:42,4
DA:43,4
DA:44,3
DA:45,3
DA:49,4
DA:61,23
DA:68,23
DA:69,1
DA:72,22
DA:74,22
DA:94,22
DA:96,22
DA:105,2
DA:115,2
DA:127,5
DA:138,5
DA:140,5
DA:142,3
DA:163,8
DA:164,2
DA:167,8
DA:174,7
DA:176,7
DA:184,7
DA:185,7
DA:187,7
DA:189,5
DA:190,5
DA:196,5
DA:203,5
DA:205,5
DA:210,6
LF:40
LH:40
BRDA:40,0,0,4
BRDA:40,0,1,3
BRDA:43,1,0,3
BRDA:43,1,1,1
BRDA:68,2,0,1
BRDA:68,2,1,22
BRDA:140,3,0,2
BRDA:140,3,1,3
BRDA:163,4,0,2
BRDA:163,4,1,6
BRDA:187,5,0,2
BRDA:187,5,1,5
BRDA:205,6,0,2
BRDA:205,6,1,3
BRF:14
BRH:14
end_of_record
TN:
SF:routes/_testCommon.js
FN:10,commonBeforeAll
FN:91,(anonymous_1)
FN:94,commonBeforeEach
FN:98,commonAfterEach
FN:102,commonAfterAll
FNF:5
FNH:5
FNDA:4,commonBeforeAll
FNDA:12,(anonymous_1)
FNDA:81,commonBeforeEach
FNDA:81,commonAfterEach
FNDA:4,commonAfterAll
DA:3,4
DA:4,4
DA:5,4
DA:6,4
DA:7,4
DA:9,4
DA:12,4
DA:14,4
DA:16,4
DA:24,4
DA:32,4
DA:41,4
DA:49,4
DA:57,4
DA:65,4
DA:73,4
DA:78,4
DA:84,4
DA:90,4
DA:91,12
DA:95,81
DA:99,81
DA:103,4
DA:107,4
DA:108,4
DA:111,4
LF:26
LH:26
BRF:0
BRH:0
end_of_record
TN:
SF:routes/auth.js
FN:22,(anonymous_0)
FN:29,(anonymous_1)
FN:49,(anonymous_2)
FN:56,(anonymous_3)
FNF:4
FNH:4
FNDA:5,(anonymous_0)
FNDA:2,(anonymous_1)
FNDA:3,(anonymous_2)
FNDA:5,(anonymous_3)
DA:5,5
DA:7,5
DA:8,5
DA:9,5
DA:10,5
DA:11,5
DA:12,5
DA:13,5
DA:22,5
DA:23,5
DA:28,5
DA:29,2
DA:30,2
DA:33,3
DA:34,3
DA:35,1
DA:36,1
DA:49,5
DA:50,3
DA:55,3
DA:56,5
DA:57,2
DA:60,1
DA:61,1
DA:62,1
DA:66,5
LF:26
LH:26
BRDA:28,0,0,2
BRDA:28,0,1,3
BRDA:55,1,0,2
BRDA:55,1,1,1
BRF:4
BRH:4
end_of_record
TN:
SF:routes/companies.js
FN:28,(anonymous_0)
FN:35,(anonymous_1)
FN:54,(anonymous_2)
FN:80,(anonymous_3)
FN:97,(anonymous_4)
FN:114,(anonymous_5)
FN:121,(anonymous_6)
FN:134,(anonymous_7)
FNF:8
FNH:8
FNDA:3,(anonymous_0)
FNDA:3,(anonymous_1)
FNDA:8,(anonymous_2)
FNDA:3,(anonymous_3)
FNDA:3,(anonymous_4)
FNDA:4,(anonymous_5)
FNDA:2,(anonymous_6)
FNDA:2,(anonymous_7)
DA:5,5
DA:6,5
DA:8,5
DA:9,5
DA:10,5
DA:12,5
DA:13,5
DA:14,5
DA:16,5
DA:28,5
DA:29,3
DA:34,3
DA:35,3
DA:36,2
DA:39,1
DA:40,1
DA:54,5
DA:56,8
DA:58,8
DA:59,3
DA:62,8
DA:63,3
DA:66,8
DA:67,1
DA:68,1
DA:72,7
DA:78,7
DA:79,3
DA:80,3
DA:81,3
DA:84,4
DA:86,3
DA:97,5
DA:98,3
DA:100,2
DA:114,5
DA:115,4
DA:120,4
DA:121,2
DA:122,2
DA:125,2
DA:126,1
DA:134,5
DA:135,2
DA:136,1
DA:140,5
LF:46
LH:46
BRDA:34,0,0,2
BRDA:34,0,1,1
BRDA:58,1,0,3
BRDA:58,1,1,5
BRDA:62,2,0,3
BRDA:62,2,1,5
BRDA:66,3,0,1
BRDA:66,3,1,7
BRDA:66,4,0,8
BRDA:66,4,1,2
BRDA:67,5,0,1
BRDA:67,5,1,0
BRDA:78,6,0,3
BRDA:78,6,1,4
BRDA:120,7,0,2
BRDA:120,7,1,2
BRF:16
BRH:15
end_of_record
TN:
SF:routes/jobs.js
FN:28,(anonymous_0)
FN:35,(anonymous_1)
FN:54,(anonymous_2)
FN:72,(anonymous_3)
FN:88,(anonymous_4)
FN:104,(anonymous_5)
FN:111,(anonymous_6)
FN:124,(anonymous_7)
FNF:8
FNH:8
FNDA:3,(anonymous_0)
FNDA:3,(anonymous_1)
FNDA:6,(anonymous_2)
FNDA:2,(anonymous_3)
FNDA:2,(anonymous_4)
FNDA:4,(anonymous_5)
FNDA:2,(anonymous_6)
FNDA:2,(anonymous_7)
DA:5,5
DA:6,5
DA:8,5
DA:9,5
DA:10,5
DA:12,5
DA:13,5
DA:14,5
DA:16,5
DA:28,5
DA:29,3
DA:34,3
DA:35,3
DA:36,2
DA:39,1
DA:40,1
DA:54,5
DA:56,6
DA:58,6
DA:59,1
DA:62,6
DA:64,6
DA:70,6
DA:71,2
DA:72,2
DA:73,2
DA:76,4
DA:78,3
DA:88,5
DA:89,2
DA:90,1
DA:104,5
DA:105,4
DA:110,4
DA:111,2
DA:112,2
DA:115,2
DA:116,1
DA:124,5
DA:125,2
DA:126,1
DA:130,5
LF:42
LH:42
BRDA:34,0,0,2
BRDA:34,0,1,1
BRDA:58,1,0,1
BRDA:58,1,1,5
BRDA:70,2,0,2
BRDA:70,2,1,4
BRDA:110,3,0,2
BRDA:110,3,1,2
BRF:8
BRH:8
end_of_record
TN:
SF:routes/users.js
FN:31,(anonymous_0)
FN:39,(anonymous_1)
FN:57,(anonymous_2)
FN:72,(anonymous_3)
FN:89,(anonymous_4)
FN:96,(anonymous_5)
FN:111,(anonymous_6)
FNF:7
FNH:7
FNDA:4,(anonymous_0)
FNDA:5,(anonymous_1)
FNDA:1,(anonymous_2)
FNDA:3,(anonymous_3)
FNDA:5,(anonymous_4)
FNDA:1,(anonymous_5)
FNDA:3,(anonymous_6)
DA:5,5
DA:7,5
DA:8,5
DA:9,5
DA:10,5
DA:11,5
DA:12,5
DA:13,5
DA:15,5
DA:30,5
DA:33,4
DA:38,4
DA:39,5
DA:40,2
DA:43,2
DA:44,2
DA:45,2
DA:56,5
DA:58,1
DA:59,1
DA:71,5
DA:73,3
DA:74,2
DA:88,5
DA:90,5
DA:95,5
DA:96,1
DA:97,1
DA:100,4
DA:101,3
DA:110,5
DA:112,3
DA:113,2
DA:117,5
LF:34
LH:34
BRDA:38,0,0,2
BRDA:38,0,1,2
BRDA:95,1,0,1
BRDA:95,1,1,4
BRF:4
BRH:4
end_of_record
